{"meta": {"format": 3, "version": "7.13.5", "timestamp": "2026-04-16T01:31:33.334931", "branch_coverage": true, "show_contexts": false}, "files": {"app\\__init__.py": {"executed_lines": [], "summary": {"covered_lines": 0, "num_statements": 0, "percent_covered": 100.0, "percent_covered_display": "100.00", "missing_lines": 0, "excluded_lines": 0, "percent_statements_covered": 100.0, "percent_statements_covered_display": "100.00", "num_branches": 0, "num_partial_branches": 0, "covered_branches": 0, "missing_branches": 0, "percent_branches_covered": 100.0, "percent_branches_covered_display": "100.00"}, "missing_lines": [], "excluded_lines": [], "executed_branches": [], "missing_branches": [], "functions": {"": {"executed_lines": [], "summary": {"covered_lines": 0, "num_statements": 0, "percent_covered": 100.0, "percent_covered_display": "100.00", "missing_lines": 0, "excluded_lines": 0, "percent_statements_covered": 100.0, "percent_statements_covered_display": "100.00", "num_branches": 0, "num_partial_branches": 0, "covered_branches": 0, "missing_branches": 0, "percent_branches_covered": 100.0, "percent_branches_covered_display": "100.00"}, "missing_lines": [], "excluded_lines": [], "start_line": 1, "executed_branches": [], "missing_branches": []}}, "classes": {"": {"executed_lines": [], "summary": {"covered_lines": 0, "num_statements": 0, "percent_covered": 100.0, "percent_covered_display": "100.00", "missing_lines": 0, "excluded_lines": 0, "percent_statements_covered": 100.0, "percent_statements_covered_display": "100.00", "num_branches": 0, "num_partial_branches": 0, "covered_branches": 0, "missing_branches": 0, "percent_branches_covered": 100.0, "percent_branches_covered_display": "100.00"}, "missing_lines": [], "excluded_lines": [], "start_line": 1, "executed_branches": [], "missing_branches": []}}}, "app\\ads\\__init__.py": {"executed_lines": [], "summary": {"covered_lines": 0, "num_statements": 0, "percent_covered": 100.0, "percent_covered_display": "100.00", "missing_lines": 0, "excluded_lines": 0, "percent_statements_covered": 100.0, "percent_statements_covered_display": "100.00", "num_branches": 0, "num_partial_branches": 0, "covered_branches": 0, "missing_branches": 0, "percent_branches_covered": 100.0, "percent_branches_covered_display": "100.00"}, "missing_lines": [], "excluded_lines": [], "executed_branches": [], "missing_branches": [], "functions": {"": {"executed_lines": [], "summary": {"covered_lines": 0, "num_statements": 0, "percent_covered": 100.0, "percent_covered_display": "100.00", "missing_lines": 0, "excluded_lines": 0, "percent_statements_covered": 100.0, "percent_statements_covered_display": "100.00", "num_branches": 0, "num_partial_branches": 0, "covered_branches": 0, "missing_branches": 0, "percent_branches_covered": 100.0, "percent_branches_covered_display": "100.00"}, "missing_lines": [], "excluded_lines": [], "start_line": 1, "executed_branches": [], "missing_branches": []}}, "classes": {"": {"executed_lines": [], "summary": {"covered_lines": 0, "num_statements": 0, "percent_covered": 100.0, "percent_covered_display": "100.00", "missing_lines": 0, "excluded_lines": 0, "percent_statements_covered": 100.0, "percent_statements_covered_display": "100.00", "num_branches": 0, "num_partial_branches": 0, "covered_branches": 0, "missing_branches": 0, "percent_branches_covered": 100.0, "percent_branches_covered_display": "100.00"}, "missing_lines": [], "excluded_lines": [], "start_line": 1, "executed_branches": [], "missing_branches": []}}}, "app\\ads\\models.py": {"executed_lines": [1, 2, 3, 5, 6, 7, 9, 12, 13, 15, 18, 24, 27, 28, 31, 34, 37, 40, 48, 51, 53, 61, 62, 64, 67, 73, 74, 75, 76, 77, 78, 79, 80, 83, 86, 89, 92, 97, 99], "summary": {"covered_lines": 39, "num_statements": 39, "percent_covered": 100.0, "percent_covered_display": "100.00", "missing_lines": 0, "excluded_lines": 4, "percent_statements_covered": 100.0, "percent_statements_covered_display": "100.00", "num_branches": 0, "num_partial_branches": 0, "covered_branches": 0, "missing_branches": 0, "percent_branches_covered": 100.0, "percent_branches_covered_display": "100.00"}, "missing_lines": [], "excluded_lines": [57, 58, 103, 104], "executed_branches": [], "missing_branches": [], "functions": {"AdCampaign.__repr__": {"executed_lines": [], "summary": {"covered_lines": 0, "num_statements": 0, "percent_covered": 100.0, "percent_covered_display": "100.00", "missing_lines": 0, "excluded_lines": 1, "percent_statements_covered": 100.0, "percent_statements_covered_display": "100.00", "num_branches": 0, "num_partial_branches": 0, "covered_branches": 0, "missing_branches": 0, "percent_branches_covered": 100.0, "percent_branches_covered_display": "100.00"}, "missing_lines": [], "excluded_lines": [58], "start_line": 57, "executed_branches": [], "missing_branches": []}, "AdSnapshot.__repr__": {"executed_lines": [], "summary": {"covered_lines": 0, "num_statements": 0, "percent_covered": 100.0, "percent_covered_display": "100.00", "missing_lines": 0, "excluded_lines": 1, "percent_statements_covered": 100.0, "percent_statements_covered_display": "100.00", "num_branches": 0, "num_partial_branches": 0, "covered_branches": 0, "missing_branches": 0, "percent_branches_covered": 100.0, "percent_branches_covered_display": "100.00"}, "missing_lines": [], "excluded_lines": [104], "start_line": 103, "executed_branches": [], "missing_branches": []}, "": {"executed_lines": [1, 2, 3, 5, 6, 7, 9, 12, 13, 15, 18, 24, 27, 28, 31, 34, 37, 40, 48, 51, 53, 61, 62, 64, 67, 73, 74, 75, 76, 77, 78, 79, 80, 83, 86, 89, 92, 97, 99], "summary": {"covered_lines": 39, "num_statements": 39, "percent_covered": 100.0, "percent_covered_display": "100.00", "missing_lines": 0, "excluded_lines": 2, "percent_statements_covered": 100.0, "percent_statements_covered_display": "100.00", "num_branches": 0, "num_partial_branches": 0, "covered_branches": 0, "missing_branches": 0, "percent_branches_covered": 100.0, "percent_branches_covered_display": "100.00"}, "missing_lines": [], "excluded_lines": [57, 103], "start_line": 1, "executed_branches": [], "missing_branches": []}}, "classes": {"AdCampaign": {"executed_lines": [], "summary": {"covered_lines": 0, "num_statements": 0, "percent_covered": 100.0, "percent_covered_display": "100.00", "missing_lines": 0, "excluded_lines": 1, "percent_statements_covered": 100.0, "percent_statements_covered_display": "100.00", "num_branches": 0, "num_partial_branches": 0, "covered_branches": 0, "missing_branches": 0, "percent_branches_covered": 100.0, "percent_branches_covered_display": "100.00"}, "missing_lines": [], "excluded_lines": [58], "start_line": 12, "executed_branches": [], "missing_branches": []}, "AdSnapshot": {"executed_lines": [], "summary": {"covered_lines": 0, "num_statements": 0, "percent_covered": 100.0, "percent_covered_display": "100.00", "missing_lines": 0, "excluded_lines": 1, "percent_statements_covered": 100.0, "percent_statements_covered_display": "100.00", "num_branches": 0, "num_partial_branches": 0, "covered_branches": 0, "missing_branches": 0, "percent_branches_covered": 100.0, "percent_branches_covered_display": "100.00"}, "missing_lines": [], "excluded_lines": [104], "start_line": 61, "executed_branches": [], "missing_branches": []}, "": {"executed_lines": [1, 2, 3, 5, 6, 7, 9, 12, 13, 15, 18, 24, 27, 28, 31, 34, 37, 40, 48, 51, 53, 61, 62, 64, 67, 73, 74, 75, 76, 77, 78, 79, 80, 83, 86, 89, 92, 97, 99], "summary": {"covered_lines": 39, "num_statements": 39, "percent_covered": 100.0, "percent_covered_display": "100.00", "missing_lines": 0, "excluded_lines": 2, "percent_statements_covered": 100.0, "percent_statements_covered_display": "100.00", "num_branches": 0, "num_partial_branches": 0, "covered_branches": 0, "missing_branches": 0, "percent_branches_covered": 100.0, "percent_branches_covered_display": "100.00"}, "missing_lines": [], "excluded_lines": [57, 103], "start_line": 1, "executed_branches": [], "missing_branches": []}}}, "app\\ads\\router.py": {"executed_lines": [1, 2, 4, 5, 6, 8, 9, 10, 11, 12, 14, 17, 27, 28, 47, 48, 81, 82], "summary": {"covered_lines": 18, "num_statements": 51, "percent_covered": 26.865671641791046, "percent_covered_display": "26.87", "missing_lines": 33, "excluded_lines": 0, "percent_statements_covered": 35.294117647058826, "percent_statements_covered_display": "35.29", "num_branches": 16, "num_partial_branches": 0, "covered_branches": 0, "missing_branches": 16, "percent_branches_covered": 0.0, "percent_branches_covered_display": "0.00"}, "missing_lines": [19, 24, 35, 36, 37, 38, 42, 44, 56, 57, 65, 66, 67, 72, 73, 74, 78, 88, 90, 96, 98, 99, 101, 102, 107, 108, 109, 110, 111, 112, 113, 116, 117], "excluded_lines": [], "executed_branches": [], "missing_branches": [[35, 36], [35, 44], [37, 38], [37, 42], [66, 67], [66, 72], [73, 74], [73, 78], [98, 99], [98, 101], [101, 102], [101, 107], [108, 109], [108, 116], [109, 110], [109, 111]], "functions": {"_get_first_ml_account": {"executed_lines": [], "summary": {"covered_lines": 0, "num_statements": 2, "percent_covered": 0.0, "percent_covered_display": "0.00", "missing_lines": 2, "excluded_lines": 0, "percent_statements_covered": 0.0, "percent_statements_covered_display": "0.00", "num_branches": 0, "num_partial_branches": 0, "covered_branches": 0, "missing_branches": 0, "percent_branches_covered": 100.0, "percent_branches_covered_display": "100.00"}, "missing_lines": [19, 24], "excluded_lines": [], "start_line": 17, "executed_branches": [], "missing_branches": []}, "get_ads_dashboard": {"executed_lines": [], "summary": {"covered_lines": 0, "num_statements": 6, "percent_covered": 0.0, "percent_covered_display": "0.00", "missing_lines": 6, "excluded_lines": 0, "percent_statements_covered": 0.0, "percent_statements_covered_display": "0.00", "num_branches": 4, "num_partial_branches": 0, "covered_branches": 0, "missing_branches": 4, "percent_branches_covered": 0.0, "percent_branches_covered_display": "0.00"}, "missing_lines": [35, 36, 37, 38, 42, 44], "excluded_lines": [], "start_line": 28, "executed_branches": [], "missing_branches": [[35, 36], [35, 44], [37, 38], [37, 42]]}, "get_campaign_detail": {"executed_lines": [], "summary": {"covered_lines": 0, "num_statements": 9, "percent_covered": 0.0, "percent_covered_display": "0.00", "missing_lines": 9, "excluded_lines": 0, "percent_statements_covered": 0.0, "percent_statements_covered_display": "0.00", "num_branches": 4, "num_partial_branches": 0, "covered_branches": 0, "missing_branches": 4, "percent_branches_covered": 0.0, "percent_branches_covered_display": "0.00"}, "missing_lines": [56, 57, 65, 66, 67, 72, 73, 74, 78], "excluded_lines": [], "start_line": 48, "executed_branches": [], "missing_branches": [[66, 67], [66, 72], [73, 74], [73, 78]]}, "sync_ads": {"executed_lines": [], "summary": {"covered_lines": 0, "num_statements": 16, "percent_covered": 0.0, "percent_covered_display": "0.00", "missing_lines": 16, "excluded_lines": 0, "percent_statements_covered": 0.0, "percent_statements_covered_display": "0.00", "num_branches": 8, "num_partial_branches": 0, "covered_branches": 0, "missing_branches": 8, "percent_branches_covered": 0.0, "percent_branches_covered_display": "0.00"}, "missing_lines": [88, 90, 96, 98, 99, 101, 102, 107, 108, 109, 110, 111, 112, 113, 116, 117], "excluded_lines": [], "start_line": 82, "executed_branches": [], "missing_branches": [[98, 99], [98, 101], [101, 102], [101, 107], [108, 109], [108, 116], [109, 110], [109, 111]]}, "": {"executed_lines": [1, 2, 4, 5, 6, 8, 9, 10, 11, 12, 14, 17, 27, 28, 47, 48, 81, 82], "summary": {"covered_lines": 18, "num_statements": 18, "percent_covered": 100.0, "percent_covered_display": "100.00", "missing_lines": 0, "excluded_lines": 0, "percent_statements_covered": 100.0, "percent_statements_covered_display": "100.00", "num_branches": 0, "num_partial_branches": 0, "covered_branches": 0, "missing_branches": 0, "percent_branches_covered": 100.0, "percent_branches_covered_display": "100.00"}, "missing_lines": [], "excluded_lines": [], "start_line": 1, "executed_branches": [], "missing_branches": []}}, "classes": {"": {"executed_lines": [1, 2, 4, 5, 6, 8, 9, 10, 11, 12, 14, 17, 27, 28, 47, 48, 81, 82], "summary": {"covered_lines": 18, "num_statements": 51, "percent_covered": 26.865671641791046, "percent_covered_display": "26.87", "missing_lines": 33, "excluded_lines": 0, "percent_statements_covered": 35.294117647058826, "percent_statements_covered_display": "35.29", "num_branches": 16, "num_partial_branches": 0, "covered_branches": 0, "missing_branches": 16, "percent_branches_covered": 0.0, "percent_branches_covered_display": "0.00"}, "missing_lines": [19, 24, 35, 36, 37, 38, 42, 44, 56, 57, 65, 66, 67, 72, 73, 74, 78, 88, 90, 96, 98, 99, 101, 102, 107, 108, 109, 110, 111, 112, 113, 116, 117], "excluded_lines": [], "start_line": 1, "executed_branches": [], "missing_branches": [[35, 36], [35, 44], [37, 38], [37, 42], [66, 67], [66, 72], [73, 74], [73, 78], [98, 99], [98, 101], [101, 102], [101, 107], [108, 109], [108, 116], [109, 110], [109, 111]]}}}, "app\\ads\\schemas.py": {"executed_lines": [1, 2, 3, 5, 8, 24, 27, 38, 41, 51, 54], "summary": {"covered_lines": 11, "num_statements": 11, "percent_covered": 100.0, "percent_covered_display": "100.00", "missing_lines": 0, "excluded_lines": 0, "percent_statements_covered": 100.0, "percent_statements_covered_display": "100.00", "num_branches": 0, "num_partial_branches": 0, "covered_branches": 0, "missing_branches": 0, "percent_branches_covered": 100.0, "percent_branches_covered_display": "100.00"}, "missing_lines": [], "excluded_lines": [], "executed_branches": [], "missing_branches": [], "functions": {"": {"executed_lines": [1, 2, 3, 5, 8, 24, 27, 38, 41, 51, 54], "summary": {"covered_lines": 11, "num_statements": 11, "percent_covered": 100.0, "percent_covered_display": "100.00", "missing_lines": 0, "excluded_lines": 0, "percent_statements_covered": 100.0, "percent_statements_covered_display": "100.00", "num_branches": 0, "num_partial_branches": 0, "covered_branches": 0, "missing_branches": 0, "percent_branches_covered": 100.0, "percent_branches_covered_display": "100.00"}, "missing_lines": [], "excluded_lines": [], "start_line": 1, "executed_branches": [], "missing_branches": []}}, "classes": {"AdSnapshotOut": {"executed_lines": [], "summary": {"covered_lines": 0, "num_statements": 0, "percent_covered": 100.0, "percent_covered_display": "100.00", "missing_lines": 0, "excluded_lines": 0, "percent_statements_covered": 100.0, "percent_statements_covered_display": "100.00", "num_branches": 0, "num_partial_branches": 0, "covered_branches": 0, "missing_branches": 0, "percent_branches_covered": 100.0, "percent_branches_covered_display": "100.00"}, "missing_lines": [], "excluded_lines": [], "start_line": 8, "executed_branches": [], "missing_branches": []}, "AdCampaignOut": {"executed_lines": [], "summary": {"covered_lines": 0, "num_statements": 0, "percent_covered": 100.0, "percent_covered_display": "100.00", "missing_lines": 0, "excluded_lines": 0, "percent_statements_covered": 100.0, "percent_statements_covered_display": "100.00", "num_branches": 0, "num_partial_branches": 0, "covered_branches": 0, "missing_branches": 0, "percent_branches_covered": 100.0, "percent_branches_covered_display": "100.00"}, "missing_lines": [], "excluded_lines": [], "start_line": 27, "executed_branches": [], "missing_branches": []}, "AdsDashboardOut": {"executed_lines": [], "summary": {"covered_lines": 0, "num_statements": 0, "percent_covered": 100.0, "percent_covered_display": "100.00", "missing_lines": 0, "excluded_lines": 0, "percent_statements_covered": 100.0, "percent_statements_covered_display": "100.00", "num_branches": 0, "num_partial_branches": 0, "covered_branches": 0, "missing_branches": 0, "percent_branches_covered": 100.0, "percent_branches_covered_display": "100.00"}, "missing_lines": [], "excluded_lines": [], "start_line": 41, "executed_branches": [], "missing_branches": []}, "AdsCampaignDetailOut": {"executed_lines": [], "summary": {"covered_lines": 0, "num_statements": 0, "percent_covered": 100.0, "percent_covered_display": "100.00", "missing_lines": 0, "excluded_lines": 0, "percent_statements_covered": 100.0, "percent_statements_covered_display": "100.00", "num_branches": 0, "num_partial_branches": 0, "covered_branches": 0, "missing_branches": 0, "percent_branches_covered": 100.0, "percent_branches_covered_display": "100.00"}, "missing_lines": [], "excluded_lines": [], "start_line": 54, "executed_branches": [], "missing_branches": []}, "": {"executed_lines": [1, 2, 3, 5, 8, 24, 27, 38, 41, 51, 54], "summary": {"covered_lines": 11, "num_statements": 11, "percent_covered": 100.0, "percent_covered_display": "100.00", "missing_lines": 0, "excluded_lines": 0, "percent_statements_covered": 100.0, "percent_statements_covered_display": "100.00", "num_branches": 0, "num_partial_branches": 0, "covered_branches": 0, "missing_branches": 0, "percent_branches_covered": 100.0, "percent_branches_covered_display": "100.00"}, "missing_lines": [], "excluded_lines": [], "start_line": 1, "executed_branches": [], "missing_branches": []}}}, "app\\ads\\service.py": {"executed_lines": [1, 2, 3, 4, 5, 8, 10, 11, 13, 14, 16, 19, 28, 30, 32, 34, 38, 39, 40, 43, 54, 57, 58, 59, 62, 63, 71, 75, 77, 78, 79, 80, 81, 83, 84, 85, 86, 88, 89, 91, 102, 109, 132, 134, 135, 146, 151, 152, 160, 163, 164, 165, 166, 168, 170, 173, 177, 178, 180, 181, 183, 195, 210, 211, 214, 215, 216, 219, 226, 229, 230, 231, 233, 234, 238, 240, 243, 246, 247, 250, 251, 254, 260, 262, 263, 272, 273, 279, 283, 286, 287, 289, 290, 291, 294, 295, 297, 300, 303, 304, 307, 308, 313, 319, 321, 322, 337, 338, 350, 353], "summary": {"covered_lines": 110, "num_statements": 123, "percent_covered": 88.96551724137932, "percent_covered_display": "88.97", "missing_lines": 13, "excluded_lines": 0, "percent_statements_covered": 89.4308943089431, "percent_statements_covered_display": "89.43", "num_branches": 22, "num_partial_branches": 3, "covered_branches": 19, "missing_branches": 3, "percent_branches_covered": 86.36363636363636, "percent_branches_covered_display": "86.36"}, "missing_lines": [244, 275, 276, 277, 340, 341, 342, 343, 344, 345, 346, 347, 348], "excluded_lines": [], "executed_branches": [[32, 34], [32, 38], [58, 59], [58, 62], [77, 78], [77, 83], [134, 135], [134, 146], [164, 165], [164, 168], [165, 164], [165, 166], [215, 216], [215, 226], [238, 240], [238, 353], [243, 246], [262, 263], [321, 322]], "missing_branches": [[243, 244], [262, 275], [321, 340]], "functions": {"list_campaigns": {"executed_lines": [28, 30, 32, 34, 38, 39, 40], "summary": {"covered_lines": 7, "num_statements": 7, "percent_covered": 100.0, "percent_covered_display": "100.00", "missing_lines": 0, "excluded_lines": 0, "percent_statements_covered": 100.0, "percent_statements_covered_display": "100.00", "num_branches": 2, "num_partial_branches": 0, "covered_branches": 2, "missing_branches": 0, "percent_branches_covered": 100.0, "percent_branches_covered_display": "100.00"}, "missing_lines": [], "excluded_lines": [], "start_line": 19, "executed_branches": [[32, 34], [32, 38]], "missing_branches": []}, "get_campaign_detail": {"executed_lines": [54, 57, 58, 59, 62, 63, 71, 75, 77, 78, 79, 80, 81, 83, 84, 85, 86, 88, 89, 91, 102], "summary": {"covered_lines": 21, "num_statements": 21, "percent_covered": 100.0, "percent_covered_display": "100.00", "missing_lines": 0, "excluded_lines": 0, "percent_statements_covered": 100.0, "percent_statements_covered_display": "100.00", "num_branches": 4, "num_partial_branches": 0, "covered_branches": 4, "missing_branches": 0, "percent_branches_covered": 100.0, "percent_branches_covered_display": "100.00"}, "missing_lines": [], "excluded_lines": [], "start_line": 43, "executed_branches": [[58, 59], [58, 62], [77, 78], [77, 83]], "missing_branches": []}, "get_ads_dashboard": {"executed_lines": [132, 134, 135, 146, 151, 152, 160, 163, 164, 165, 166, 168, 170, 173, 177, 178, 180, 181, 183], "summary": {"covered_lines": 19, "num_statements": 19, "percent_covered": 100.0, "percent_covered_display": "100.00", "missing_lines": 0, "excluded_lines": 0, "percent_statements_covered": 100.0, "percent_statements_covered_display": "100.00", "num_branches": 6, "num_partial_branches": 0, "covered_branches": 6, "missing_branches": 0, "percent_branches_covered": 100.0, "percent_branches_covered_display": "100.00"}, "missing_lines": [], "excluded_lines": [], "start_line": 109, "executed_branches": [[134, 135], [134, 146], [164, 165], [164, 168], [165, 164], [165, 166]], "missing_branches": []}, "sync_ads_from_ml": {"executed_lines": [210, 211, 214, 215, 216, 219, 226, 229, 230, 231, 233, 234, 238, 240, 243, 246, 247, 250, 251, 254, 260, 262, 263, 272, 273, 279, 283, 286, 287, 289, 290, 291, 294, 295, 297, 300, 303, 304, 307, 308, 313, 319, 321, 322, 337, 338, 350, 353], "summary": {"covered_lines": 48, "num_statements": 61, "percent_covered": 77.46478873239437, "percent_covered_display": "77.46", "missing_lines": 13, "excluded_lines": 0, "percent_statements_covered": 78.68852459016394, "percent_statements_covered_display": "78.69", "num_branches": 10, "num_partial_branches": 3, "covered_branches": 7, "missing_branches": 3, "percent_branches_covered": 70.0, "percent_branches_covered_display": "70.00"}, "missing_lines": [244, 275, 276, 277, 340, 341, 342, 343, 344, 345, 346, 347, 348], "excluded_lines": [], "start_line": 195, "executed_branches": [[215, 216], [215, 226], [238, 240], [238, 353], [243, 246], [262, 263], [321, 322]], "missing_branches": [[243, 244], [262, 275], [321, 340]]}, "": {"executed_lines": [1, 2, 3, 4, 5, 8, 10, 11, 13, 14, 16, 19, 43, 109, 195], "summary": {"covered_lines": 15, "num_statements": 15, "percent_covered": 100.0, "percent_covered_display": "100.00", "missing_lines": 0, "excluded_lines": 0, "percent_statements_covered": 100.0, "percent_statements_covered_display": "100.00", "num_branches": 0, "num_partial_branches": 0, "covered_branches": 0, "missing_branches": 0, "percent_branches_covered": 100.0, "percent_branches_covered_display": "100.00"}, "missing_lines": [], "excluded_lines": [], "start_line": 1, "executed_branches": [], "missing_branches": []}}, "classes": {"": {"executed_lines": [1, 2, 3, 4, 5, 8, 10, 11, 13, 14, 16, 19, 28, 30, 32, 34, 38, 39, 40, 43, 54, 57, 58, 59, 62, 63, 71, 75, 77, 78, 79, 80, 81, 83, 84, 85, 86, 88, 89, 91, 102, 109, 132, 134, 135, 146, 151, 152, 160, 163, 164, 165, 166, 168, 170, 173, 177, 178, 180, 181, 183, 195, 210, 211, 214, 215, 216, 219, 226, 229, 230, 231, 233, 234, 238, 240, 243, 246, 247, 250, 251, 254, 260, 262, 263, 272, 273, 279, 283, 286, 287, 289, 290, 291, 294, 295, 297, 300, 303, 304, 307, 308, 313, 319, 321, 322, 337, 338, 350, 353], "summary": {"covered_lines": 110, "num_statements": 123, "percent_covered": 88.96551724137932, "percent_covered_display": "88.97", "missing_lines": 13, "excluded_lines": 0, "percent_statements_covered": 89.4308943089431, "percent_statements_covered_display": "89.43", "num_branches": 22, "num_partial_branches": 3, "covered_branches": 19, "missing_branches": 3, "percent_branches_covered": 86.36363636363636, "percent_branches_covered_display": "86.36"}, "missing_lines": [244, 275, 276, 277, 340, 341, 342, 343, 344, 345, 346, 347, 348], "excluded_lines": [], "start_line": 1, "executed_branches": [[32, 34], [32, 38], [58, 59], [58, 62], [77, 78], [77, 83], [134, 135], [134, 146], [164, 165], [164, 168], [165, 164], [165, 166], [215, 216], [215, 226], [238, 240], [238, 353], [243, 246], [262, 263], [321, 322]], "missing_branches": [[243, 244], [262, 275], [321, 340]]}}}, "app\\alertas\\__init__.py": {"executed_lines": [], "summary": {"covered_lines": 0, "num_statements": 0, "percent_covered": 100.0, "percent_covered_display": "100.00", "missing_lines": 0, "excluded_lines": 0, "percent_statements_covered": 100.0, "percent_statements_covered_display": "100.00", "num_branches": 0, "num_partial_branches": 0, "covered_branches": 0, "missing_branches": 0, "percent_branches_covered": 100.0, "percent_branches_covered_display": "100.00"}, "missing_lines": [], "excluded_lines": [], "executed_branches": [], "missing_branches": [], "functions": {"": {"executed_lines": [], "summary": {"covered_lines": 0, "num_statements": 0, "percent_covered": 100.0, "percent_covered_display": "100.00", "missing_lines": 0, "excluded_lines": 0, "percent_statements_covered": 100.0, "percent_statements_covered_display": "100.00", "num_branches": 0, "num_partial_branches": 0, "covered_branches": 0, "missing_branches": 0, "percent_branches_covered": 100.0, "percent_branches_covered_display": "100.00"}, "missing_lines": [], "excluded_lines": [], "start_line": 1, "executed_branches": [], "missing_branches": []}}, "classes": {"": {"executed_lines": [], "summary": {"covered_lines": 0, "num_statements": 0, "percent_covered": 100.0, "percent_covered_display": "100.00", "missing_lines": 0, "excluded_lines": 0, "percent_statements_covered": 100.0, "percent_statements_covered_display": "100.00", "num_branches": 0, "num_partial_branches": 0, "covered_branches": 0, "missing_branches": 0, "percent_branches_covered": 100.0, "percent_branches_covered_display": "100.00"}, "missing_lines": [], "excluded_lines": [], "start_line": 1, "executed_branches": [], "missing_branches": []}}}, "app\\alertas\\models.py": {"executed_lines": [1, 2, 3, 5, 6, 7, 9, 12, 13, 15, 18, 24, 30, 38, 39, 40, 41, 42, 45, 48, 51, 52, 53, 54, 62, 63, 65, 68, 74, 75, 78, 83], "summary": {"covered_lines": 32, "num_statements": 32, "percent_covered": 100.0, "percent_covered_display": "100.00", "missing_lines": 0, "excluded_lines": 4, "percent_statements_covered": 100.0, "percent_statements_covered_display": "100.00", "num_branches": 0, "num_partial_branches": 0, "covered_branches": 0, "missing_branches": 0, "percent_branches_covered": 100.0, "percent_branches_covered_display": "100.00"}, "missing_lines": [], "excluded_lines": [58, 59, 85, 86], "executed_branches": [], "missing_branches": [], "functions": {"AlertConfig.__repr__": {"executed_lines": [], "summary": {"covered_lines": 0, "num_statements": 0, "percent_covered": 100.0, "percent_covered_display": "100.00", "missing_lines": 0, "excluded_lines": 1, "percent_statements_covered": 100.0, "percent_statements_covered_display": "100.00", "num_branches": 0, "num_partial_branches": 0, "covered_branches": 0, "missing_branches": 0, "percent_branches_covered": 100.0, "percent_branches_covered_display": "100.00"}, "missing_lines": [], "excluded_lines": [59], "start_line": 58, "executed_branches": [], "missing_branches": []}, "AlertEvent.__repr__": {"executed_lines": [], "summary": {"covered_lines": 0, "num_statements": 0, "percent_covered": 100.0, "percent_covered_display": "100.00", "missing_lines": 0, "excluded_lines": 1, "percent_statements_covered": 100.0, "percent_statements_covered_display": "100.00", "num_branches": 0, "num_partial_branches": 0, "covered_branches": 0, "missing_branches": 0, "percent_branches_covered": 100.0, "percent_branches_covered_display": "100.00"}, "missing_lines": [], "excluded_lines": [86], "start_line": 85, "executed_branches": [], "missing_branches": []}, "": {"executed_lines": [1, 2, 3, 5, 6, 7, 9, 12, 13, 15, 18, 24, 30, 38, 39, 40, 41, 42, 45, 48, 51, 52, 53, 54, 62, 63, 65, 68, 74, 75, 78, 83], "summary": {"covered_lines": 32, "num_statements": 32, "percent_covered": 100.0, "percent_covered_display": "100.00", "missing_lines": 0, "excluded_lines": 2, "percent_statements_covered": 100.0, "percent_statements_covered_display": "100.00", "num_branches": 0, "num_partial_branches": 0, "covered_branches": 0, "missing_branches": 0, "percent_branches_covered": 100.0, "percent_branches_covered_display": "100.00"}, "missing_lines": [], "excluded_lines": [58, 85], "start_line": 1, "executed_branches": [], "missing_branches": []}}, "classes": {"AlertConfig": {"executed_lines": [], "summary": {"covered_lines": 0, "num_statements": 0, "percent_covered": 100.0, "percent_covered_display": "100.00", "missing_lines": 0, "excluded_lines": 1, "percent_statements_covered": 100.0, "percent_statements_covered_display": "100.00", "num_branches": 0, "num_partial_branches": 0, "covered_branches": 0, "missing_branches": 0, "percent_branches_covered": 100.0, "percent_branches_covered_display": "100.00"}, "missing_lines": [], "excluded_lines": [59], "start_line": 12, "executed_branches": [], "missing_branches": []}, "AlertEvent": {"executed_lines": [], "summary": {"covered_lines": 0, "num_statements": 0, "percent_covered": 100.0, "percent_covered_display": "100.00", "missing_lines": 0, "excluded_lines": 1, "percent_statements_covered": 100.0, "percent_statements_covered_display": "100.00", "num_branches": 0, "num_partial_branches": 0, "covered_branches": 0, "missing_branches": 0, "percent_branches_covered": 100.0, "percent_branches_covered_display": "100.00"}, "missing_lines": [], "excluded_lines": [86], "start_line": 62, "executed_branches": [], "missing_branches": []}, "": {"executed_lines": [1, 2, 3, 5, 6, 7, 9, 12, 13, 15, 18, 24, 30, 38, 39, 40, 41, 42, 45, 48, 51, 52, 53, 54, 62, 63, 65, 68, 74, 75, 78, 83], "summary": {"covered_lines": 32, "num_statements": 32, "percent_covered": 100.0, "percent_covered_display": "100.00", "missing_lines": 0, "excluded_lines": 2, "percent_statements_covered": 100.0, "percent_statements_covered_display": "100.00", "num_branches": 0, "num_partial_branches": 0, "covered_branches": 0, "missing_branches": 0, "percent_branches_covered": 100.0, "percent_branches_covered_display": "100.00"}, "missing_lines": [], "excluded_lines": [58, 85], "start_line": 1, "executed_branches": [], "missing_branches": []}}}, "app\\alertas\\router.py": {"executed_lines": [6, 7, 9, 10, 12, 13, 19, 20, 21, 23, 31, 32, 44, 45, 67, 68, 77, 78, 88, 89, 98, 99, 111, 112], "summary": {"covered_lines": 24, "num_statements": 36, "percent_covered": 66.66666666666667, "percent_covered_display": "66.67", "missing_lines": 12, "excluded_lines": 0, "percent_statements_covered": 66.66666666666667, "percent_statements_covered_display": "66.67", "num_branches": 0, "num_partial_branches": 0, "covered_branches": 0, "missing_branches": 0, "percent_branches_covered": 100.0, "percent_branches_covered_display": "100.00"}, "missing_lines": [39, 62, 63, 64, 74, 85, 95, 106, 107, 108, 118, 119], "excluded_lines": [], "executed_branches": [], "missing_branches": [], "functions": {"list_alerts": {"executed_lines": [], "summary": {"covered_lines": 0, "num_statements": 1, "percent_covered": 0.0, "percent_covered_display": "0.00", "missing_lines": 1, "excluded_lines": 0, "percent_statements_covered": 0.0, "percent_statements_covered_display": "0.00", "num_branches": 0, "num_partial_branches": 0, "covered_branches": 0, "missing_branches": 0, "percent_branches_covered": 100.0, "percent_branches_covered_display": "100.00"}, "missing_lines": [39], "excluded_lines": [], "start_line": 32, "executed_branches": [], "missing_branches": []}, "create_alert": {"executed_lines": [], "summary": {"covered_lines": 0, "num_statements": 3, "percent_covered": 0.0, "percent_covered_display": "0.00", "missing_lines": 3, "excluded_lines": 0, "percent_statements_covered": 0.0, "percent_statements_covered_display": "0.00", "num_branches": 0, "num_partial_branches": 0, "covered_branches": 0, "missing_branches": 0, "percent_branches_covered": 100.0, "percent_branches_covered_display": "100.00"}, "missing_lines": [62, 63, 64], "excluded_lines": [], "start_line": 45, "executed_branches": [], "missing_branches": []}, "list_events": {"executed_lines": [], "summary": {"covered_lines": 0, "num_statements": 1, "percent_covered": 0.0, "percent_covered_display": "0.00", "missing_lines": 1, "excluded_lines": 0, "percent_statements_covered": 0.0, "percent_statements_covered_display": "0.00", "num_branches": 0, "num_partial_branches": 0, "covered_branches": 0, "missing_branches": 0, "percent_branches_covered": 100.0, "percent_branches_covered_display": "100.00"}, "missing_lines": [74], "excluded_lines": [], "start_line": 68, "executed_branches": [], "missing_branches": []}, "list_events_by_alert": {"executed_lines": [], "summary": {"covered_lines": 0, "num_statements": 1, "percent_covered": 0.0, "percent_covered_display": "0.00", "missing_lines": 1, "excluded_lines": 0, "percent_statements_covered": 0.0, "percent_statements_covered_display": "0.00", "num_branches": 0, "num_partial_branches": 0, "covered_branches": 0, "missing_branches": 0, "percent_branches_covered": 100.0, "percent_branches_covered_display": "100.00"}, "missing_lines": [85], "excluded_lines": [], "start_line": 78, "executed_branches": [], "missing_branches": []}, "get_alert": {"executed_lines": [], "summary": {"covered_lines": 0, "num_statements": 1, "percent_covered": 0.0, "percent_covered_display": "0.00", "missing_lines": 1, "excluded_lines": 0, "percent_statements_covered": 0.0, "percent_statements_covered_display": "0.00", "num_branches": 0, "num_partial_branches": 0, "covered_branches": 0, "missing_branches": 0, "percent_branches_covered": 100.0, "percent_branches_covered_display": "100.00"}, "missing_lines": [95], "excluded_lines": [], "start_line": 89, "executed_branches": [], "missing_branches": []}, "update_alert": {"executed_lines": [], "summary": {"covered_lines": 0, "num_statements": 3, "percent_covered": 0.0, "percent_covered_display": "0.00", "missing_lines": 3, "excluded_lines": 0, "percent_statements_covered": 0.0, "percent_statements_covered_display": "0.00", "num_branches": 0, "num_partial_branches": 0, "covered_branches": 0, "missing_branches": 0, "percent_branches_covered": 100.0, "percent_branches_covered_display": "100.00"}, "missing_lines": [106, 107, 108], "excluded_lines": [], "start_line": 99, "executed_branches": [], "missing_branches": []}, "delete_alert": {"executed_lines": [], "summary": {"covered_lines": 0, "num_statements": 2, "percent_covered": 0.0, "percent_covered_display": "0.00", "missing_lines": 2, "excluded_lines": 0, "percent_statements_covered": 0.0, "percent_statements_covered_display": "0.00", "num_branches": 0, "num_partial_branches": 0, "covered_branches": 0, "missing_branches": 0, "percent_branches_covered": 100.0, "percent_branches_covered_display": "100.00"}, "missing_lines": [118, 119], "excluded_lines": [], "start_line": 112, "executed_branches": [], "missing_branches": []}, "": {"executed_lines": [6, 7, 9, 10, 12, 13, 19, 20, 21, 23, 31, 32, 44, 45, 67, 68, 77, 78, 88, 89, 98, 99, 111, 112], "summary": {"covered_lines": 24, "num_statements": 24, "percent_covered": 100.0, "percent_covered_display": "100.00", "missing_lines": 0, "excluded_lines": 0, "percent_statements_covered": 100.0, "percent_statements_covered_display": "100.00", "num_branches": 0, "num_partial_branches": 0, "covered_branches": 0, "missing_branches": 0, "percent_branches_covered": 100.0, "percent_branches_covered_display": "100.00"}, "missing_lines": [], "excluded_lines": [], "start_line": 1, "executed_branches": [], "missing_branches": []}}, "classes": {"": {"executed_lines": [6, 7, 9, 10, 12, 13, 19, 20, 21, 23, 31, 32, 44, 45, 67, 68, 77, 78, 88, 89, 98, 99, 111, 112], "summary": {"covered_lines": 24, "num_statements": 36, "percent_covered": 66.66666666666667, "percent_covered_display": "66.67", "missing_lines": 12, "excluded_lines": 0, "percent_statements_covered": 66.66666666666667, "percent_statements_covered_display": "66.67", "num_branches": 0, "num_partial_branches": 0, "covered_branches": 0, "missing_branches": 0, "percent_branches_covered": 100.0, "percent_branches_covered_display": "100.00"}, "missing_lines": [39, 62, 63, 64, 74, 85, 95, 106, 107, 108, 118, 119], "excluded_lines": [], "start_line": 1, "executed_branches": [], "missing_branches": []}}}, "app\\alertas\\schemas.py": {"executed_lines": [4, 5, 6, 7, 9, 12, 25, 28, 31, 39, 41, 42, 43, 51, 52, 54, 55, 56, 57, 60, 62, 63, 64, 65, 68, 71, 72, 73, 74, 75, 78, 90, 93, 100], "summary": {"covered_lines": 34, "num_statements": 34, "percent_covered": 100.0, "percent_covered_display": "100.00", "missing_lines": 0, "excluded_lines": 0, "percent_statements_covered": 100.0, "percent_statements_covered_display": "100.00", "num_branches": 4, "num_partial_branches": 0, "covered_branches": 4, "missing_branches": 0, "percent_branches_covered": 100.0, "percent_branches_covered_display": "100.00"}, "missing_lines": [], "excluded_lines": [], "executed_branches": [[56, 57], [56, 60], [64, 65], [64, 68]], "missing_branches": [], "functions": {"AlertConfigCreate.validate_threshold_required": {"executed_lines": [56, 57, 60], "summary": {"covered_lines": 3, "num_statements": 3, "percent_covered": 100.0, "percent_covered_display": "100.00", "missing_lines": 0, "excluded_lines": 0, "percent_statements_covered": 100.0, "percent_statements_covered_display": "100.00", "num_branches": 2, "num_partial_branches": 0, "covered_branches": 2, "missing_branches": 0, "percent_branches_covered": 100.0, "percent_branches_covered_display": "100.00"}, "missing_lines": [], "excluded_lines": [], "start_line": 55, "executed_branches": [[56, 57], [56, 60]], "missing_branches": []}, "AlertConfigCreate.validate_listing_or_product": {"executed_lines": [64, 65, 68], "summary": {"covered_lines": 3, "num_statements": 3, "percent_covered": 100.0, "percent_covered_display": "100.00", "missing_lines": 0, "excluded_lines": 0, "percent_statements_covered": 100.0, "percent_statements_covered_display": "100.00", "num_branches": 2, "num_partial_branches": 0, "covered_branches": 2, "missing_branches": 0, "percent_branches_covered": 100.0, "percent_branches_covered_display": "100.00"}, "missing_lines": [], "excluded_lines": [], "start_line": 63, "executed_branches": [[64, 65], [64, 68]], "missing_branches": []}, "": {"executed_lines": [4, 5, 6, 7, 9, 12, 25, 28, 31, 39, 41, 42, 43, 51, 52, 54, 55, 62, 63, 71, 72, 73, 74, 75, 78, 90, 93, 100], "summary": {"covered_lines": 28, "num_statements": 28, "percent_covered": 100.0, "percent_covered_display": "100.00", "missing_lines": 0, "excluded_lines": 0, "percent_statements_covered": 100.0, "percent_statements_covered_display": "100.00", "num_branches": 0, "num_partial_branches": 0, "covered_branches": 0, "missing_branches": 0, "percent_branches_covered": 100.0, "percent_branches_covered_display": "100.00"}, "missing_lines": [], "excluded_lines": [], "start_line": 1, "executed_branches": [], "missing_branches": []}}, "classes": {"AlertConfigCreate": {"executed_lines": [56, 57, 60, 64, 65, 68], "summary": {"covered_lines": 6, "num_statements": 6, "percent_covered": 100.0, "percent_covered_display": "100.00", "missing_lines": 0, "excluded_lines": 0, "percent_statements_covered": 100.0, "percent_statements_covered_display": "100.00", "num_branches": 4, "num_partial_branches": 0, "covered_branches": 4, "missing_branches": 0, "percent_branches_covered": 100.0, "percent_branches_covered_display": "100.00"}, "missing_lines": [], "excluded_lines": [], "start_line": 39, "executed_branches": [[56, 57], [56, 60], [64, 65], [64, 68]], "missing_branches": []}, "AlertConfigUpdate": {"executed_lines": [], "summary": {"covered_lines": 0, "num_statements": 0, "percent_covered": 100.0, "percent_covered_display": "100.00", "missing_lines": 0, "excluded_lines": 0, "percent_statements_covered": 100.0, "percent_statements_covered_display": "100.00", "num_branches": 0, "num_partial_branches": 0, "covered_branches": 0, "missing_branches": 0, "percent_branches_covered": 100.0, "percent_branches_covered_display": "100.00"}, "missing_lines": [], "excluded_lines": [], "start_line": 71, "executed_branches": [], "missing_branches": []}, "AlertConfigOut": {"executed_lines": [], "summary": {"covered_lines": 0, "num_statements": 0, "percent_covered": 100.0, "percent_covered_display": "100.00", "missing_lines": 0, "excluded_lines": 0, "percent_statements_covered": 100.0, "percent_statements_covered_display": "100.00", "num_branches": 0, "num_partial_branches": 0, "covered_branches": 0, "missing_branches": 0, "percent_branches_covered": 100.0, "percent_branches_covered_display": "100.00"}, "missing_lines": [], "excluded_lines": [], "start_line": 78, "executed_branches": [], "missing_branches": []}, "AlertEventOut": {"executed_lines": [], "summary": {"covered_lines": 0, "num_statements": 0, "percent_covered": 100.0, "percent_covered_display": "100.00", "missing_lines": 0, "excluded_lines": 0, "percent_statements_covered": 100.0, "percent_statements_covered_display": "100.00", "num_branches": 0, "num_partial_branches": 0, "covered_branches": 0, "missing_branches": 0, "percent_branches_covered": 100.0, "percent_branches_covered_display": "100.00"}, "missing_lines": [], "excluded_lines": [], "start_line": 93, "executed_branches": [], "missing_branches": []}, "": {"executed_lines": [4, 5, 6, 7, 9, 12, 25, 28, 31, 39, 41, 42, 43, 51, 52, 54, 55, 62, 63, 71, 72, 73, 74, 75, 78, 90, 93, 100], "summary": {"covered_lines": 28, "num_statements": 28, "percent_covered": 100.0, "percent_covered_display": "100.00", "missing_lines": 0, "excluded_lines": 0, "percent_statements_covered": 100.0, "percent_statements_covered_display": "100.00", "num_branches": 0, "num_partial_branches": 0, "covered_branches": 0, "missing_branches": 0, "percent_branches_covered": 100.0, "percent_branches_covered_display": "100.00"}, "missing_lines": [], "excluded_lines": [], "start_line": 1, "executed_branches": [], "missing_branches": []}}}, "app\\alertas\\service.py": {"executed_lines": [9, 10, 11, 12, 14, 15, 16, 18, 19, 21, 29, 31, 34, 35, 36, 37, 40, 41, 42, 43, 46, 47, 50, 58, 65, 66, 68, 74, 75, 81, 82, 84, 90, 97, 99, 109, 110, 111, 112, 115, 122, 124, 127, 128, 130, 135, 138, 144, 150, 151, 152, 156, 159, 166, 168, 169, 170, 171, 172, 173, 174, 177, 178, 179, 182, 188, 189, 190, 198, 204, 206, 216, 219, 227, 229, 231, 239, 247, 258, 259, 264, 265, 268, 269, 270, 271, 272, 273, 279, 282, 286, 289, 291, 292, 293, 294, 297, 302, 305, 309, 310, 313, 314, 342, 344, 346, 347, 349, 350, 353, 358, 406, 408, 410, 411, 412, 415, 417, 423, 424, 427, 430, 431, 434, 435, 436, 441, 444, 446, 448, 449, 450, 453, 455, 456, 464, 466, 469, 470, 471, 474, 475, 476, 481, 484, 544, 593, 649, 709], "summary": {"covered_lines": 149, "num_statements": 318, "percent_covered": 43.93939393939394, "percent_covered_display": "43.94", "missing_lines": 169, "excluded_lines": 0, "percent_statements_covered": 46.855345911949684, "percent_statements_covered_display": "46.86", "num_branches": 144, "num_partial_branches": 12, "covered_branches": 54, "missing_branches": 90, "percent_branches_covered": 37.5, "percent_branches_covered_display": "37.50"}, "missing_lines": [91, 125, 175, 260, 261, 262, 306, 317, 318, 321, 322, 325, 326, 329, 330, 333, 334, 336, 337, 355, 360, 362, 363, 364, 365, 367, 369, 370, 379, 380, 381, 383, 384, 385, 386, 390, 392, 395, 396, 397, 403, 413, 425, 428, 451, 467, 491, 492, 494, 495, 496, 498, 500, 501, 507, 509, 511, 517, 519, 520, 522, 524, 525, 527, 528, 531, 532, 533, 534, 535, 541, 548, 549, 551, 552, 553, 554, 556, 557, 563, 565, 567, 573, 574, 575, 577, 578, 581, 582, 583, 590, 598, 600, 601, 602, 604, 605, 607, 609, 617, 618, 619, 622, 623, 624, 625, 627, 630, 631, 632, 634, 635, 638, 639, 640, 646, 654, 656, 657, 658, 660, 661, 663, 664, 673, 674, 675, 678, 679, 680, 682, 687, 688, 689, 691, 692, 694, 695, 698, 699, 700, 706, 719, 721, 722, 723, 724, 726, 728, 730, 738, 739, 740, 743, 744, 745, 746, 748, 751, 752, 754, 756, 758, 760, 761, 764, 765, 766, 772], "excluded_lines": [], "executed_branches": [[34, 35], [34, 36], [36, 37], [36, 40], [40, 41], [40, 42], [42, 43], [42, 46], [46, 47], [46, 50], [65, 66], [65, 81], [74, 75], [74, 81], [81, 82], [81, 97], [90, 97], [124, 127], [127, 128], [127, 130], [151, 152], [151, 156], [168, 169], [168, 170], [170, 171], [170, 172], [172, 173], [172, 174], [174, 177], [264, 265], [264, 268], [269, 270], [269, 282], [272, 273], [305, 309], [309, 310], [309, 313], [313, 314], [346, 347], [346, 349], [349, 350], [412, 415], [415, 417], [415, 441], [424, 427], [427, 430], [430, 415], [430, 431], [450, 453], [455, 456], [455, 481], [466, 469], [470, 455], [470, 471]], "missing_branches": [[90, 91], [124, 125], [174, 175], [272, 282], [305, 306], [313, 317], [317, 318], [317, 321], [321, 322], [321, 325], [325, 326], [325, 329], [329, 330], [329, 333], [333, 334], [333, 336], [349, 355], [364, 365], [364, 367], [369, 370], [369, 403], [380, 381], [380, 383], [384, 385], [384, 386], [390, 369], [390, 392], [412, 413], [424, 425], [427, 428], [450, 451], [466, 467], [495, 496], [495, 498], [500, 501], [500, 541], [509, 500], [509, 511], [519, 520], [519, 522], [524, 525], [524, 527], [527, 509], [527, 528], [553, 554], [553, 556], [556, 557], [556, 590], [565, 556], [565, 567], [574, 575], [574, 577], [577, 565], [577, 578], [601, 602], [601, 604], [607, 609], [607, 646], [618, 619], [618, 622], [624, 625], [624, 627], [631, 632], [631, 634], [634, 607], [634, 635], [657, 658], [657, 660], [663, 664], [663, 706], [674, 675], [674, 678], [679, 680], [679, 682], [688, 689], [688, 691], [694, 663], [694, 695], [723, 724], [723, 726], [728, 730], [728, 772], [739, 740], [739, 743], [745, 746], [745, 748], [754, 756], [754, 758], [760, 728], [760, 761]], "functions": {"_calculate_severity": {"executed_lines": [31, 34, 35, 36, 37, 40, 41, 42, 43, 46, 47, 50], "summary": {"covered_lines": 12, "num_statements": 12, "percent_covered": 100.0, "percent_covered_display": "100.00", "missing_lines": 0, "excluded_lines": 0, "percent_statements_covered": 100.0, "percent_statements_covered_display": "100.00", "num_branches": 10, "num_partial_branches": 0, "covered_branches": 10, "missing_branches": 0, "percent_branches_covered": 100.0, "percent_branches_covered_display": "100.00"}, "missing_lines": [], "excluded_lines": [], "start_line": 29, "executed_branches": [[34, 35], [34, 36], [36, 37], [36, 40], [40, 41], [40, 42], [42, 43], [42, 46], [46, 47], [46, 50]], "missing_branches": []}, "create_alert_config": {"executed_lines": [65, 66, 68, 74, 75, 81, 82, 84, 90, 97, 99, 109, 110, 111, 112], "summary": {"covered_lines": 15, "num_statements": 16, "percent_covered": 91.66666666666667, "percent_covered_display": "91.67", "missing_lines": 1, "excluded_lines": 0, "percent_statements_covered": 93.75, "percent_statements_covered_display": "93.75", "num_branches": 8, "num_partial_branches": 1, "covered_branches": 7, "missing_branches": 1, "percent_branches_covered": 87.5, "percent_branches_covered_display": "87.50"}, "missing_lines": [91], "excluded_lines": [], "start_line": 58, "executed_branches": [[65, 66], [65, 81], [74, 75], [74, 81], [81, 82], [81, 97], [90, 97]], "missing_branches": [[90, 91]]}, "list_alert_configs": {"executed_lines": [122, 124, 127, 128, 130, 135], "summary": {"covered_lines": 6, "num_statements": 7, "percent_covered": 81.81818181818181, "percent_covered_display": "81.82", "missing_lines": 1, "excluded_lines": 0, "percent_statements_covered": 85.71428571428571, "percent_statements_covered_display": "85.71", "num_branches": 4, "num_partial_branches": 1, "covered_branches": 3, "missing_branches": 1, "percent_branches_covered": 75.0, "percent_branches_covered_display": "75.00"}, "missing_lines": [125], "excluded_lines": [], "start_line": 115, "executed_branches": [[124, 127], [127, 128], [127, 130]], "missing_branches": [[124, 125]]}, "get_alert_config": {"executed_lines": [144, 150, 151, 152, 156], "summary": {"covered_lines": 5, "num_statements": 5, "percent_covered": 100.0, "percent_covered_display": "100.00", "missing_lines": 0, "excluded_lines": 0, "percent_statements_covered": 100.0, "percent_statements_covered_display": "100.00", "num_branches": 2, "num_partial_branches": 0, "covered_branches": 2, "missing_branches": 0, "percent_branches_covered": 100.0, "percent_branches_covered_display": "100.00"}, "missing_lines": [], "excluded_lines": [], "start_line": 138, "executed_branches": [[151, 152], [151, 156]], "missing_branches": []}, "update_alert_config": {"executed_lines": [166, 168, 169, 170, 171, 172, 173, 174, 177, 178, 179], "summary": {"covered_lines": 11, "num_statements": 12, "percent_covered": 90.0, "percent_covered_display": "90.00", "missing_lines": 1, "excluded_lines": 0, "percent_statements_covered": 91.66666666666667, "percent_statements_covered_display": "91.67", "num_branches": 8, "num_partial_branches": 1, "covered_branches": 7, "missing_branches": 1, "percent_branches_covered": 87.5, "percent_branches_covered_display": "87.50"}, "missing_lines": [175], "excluded_lines": [], "start_line": 159, "executed_branches": [[168, 169], [168, 170], [170, 171], [170, 172], [172, 173], [172, 174], [174, 177]], "missing_branches": [[174, 175]]}, "deactivate_alert_config": {"executed_lines": [188, 189, 190], "summary": {"covered_lines": 3, "num_statements": 3, "percent_covered": 100.0, "percent_covered_display": "100.00", "missing_lines": 0, "excluded_lines": 0, "percent_statements_covered": 100.0, "percent_statements_covered_display": "100.00", "num_branches": 0, "num_partial_branches": 0, "covered_branches": 0, "missing_branches": 0, "percent_branches_covered": 100.0, "percent_branches_covered_display": "100.00"}, "missing_lines": [], "excluded_lines": [], "start_line": 182, "executed_branches": [], "missing_branches": []}, "list_alert_events": {"executed_lines": [204, 206, 216], "summary": {"covered_lines": 3, "num_statements": 3, "percent_covered": 100.0, "percent_covered_display": "100.00", "missing_lines": 0, "excluded_lines": 0, "percent_statements_covered": 100.0, "percent_statements_covered_display": "100.00", "num_branches": 0, "num_partial_branches": 0, "covered_branches": 0, "missing_branches": 0, "percent_branches_covered": 100.0, "percent_branches_covered_display": "100.00"}, "missing_lines": [], "excluded_lines": [], "start_line": 198, "executed_branches": [], "missing_branches": []}, "list_events_by_alert": {"executed_lines": [227, 229, 231, 239], "summary": {"covered_lines": 4, "num_statements": 4, "percent_covered": 100.0, "percent_covered_display": "100.00", "missing_lines": 0, "excluded_lines": 0, "percent_statements_covered": 100.0, "percent_statements_covered_display": "100.00", "num_branches": 0, "num_partial_branches": 0, "covered_branches": 0, "missing_branches": 0, "percent_branches_covered": 100.0, "percent_branches_covered_display": "100.00"}, "missing_lines": [], "excluded_lines": [], "start_line": 219, "executed_branches": [], "missing_branches": []}, "evaluate_single_alert": {"executed_lines": [258, 259, 264, 265, 268, 269, 270, 271, 272, 273, 279, 282, 286, 289, 291, 292, 293, 294], "summary": {"covered_lines": 18, "num_statements": 21, "percent_covered": 85.18518518518519, "percent_covered_display": "85.19", "missing_lines": 3, "excluded_lines": 0, "percent_statements_covered": 85.71428571428571, "percent_statements_covered_display": "85.71", "num_branches": 6, "num_partial_branches": 1, "covered_branches": 5, "missing_branches": 1, "percent_branches_covered": 83.33333333333333, "percent_branches_covered_display": "83.33"}, "missing_lines": [260, 261, 262], "excluded_lines": [], "start_line": 247, "executed_branches": [[264, 265], [264, 268], [269, 270], [269, 282], [272, 273]], "missing_branches": [[272, 282]]}, "_check_condition": {"executed_lines": [302, 305, 309, 310, 313, 314], "summary": {"covered_lines": 6, "num_statements": 19, "percent_covered": 28.571428571428573, "percent_covered_display": "28.57", "missing_lines": 13, "excluded_lines": 0, "percent_statements_covered": 31.57894736842105, "percent_statements_covered_display": "31.58", "num_branches": 16, "num_partial_branches": 2, "covered_branches": 4, "missing_branches": 12, "percent_branches_covered": 25.0, "percent_branches_covered_display": "25.00"}, "missing_lines": [306, 317, 318, 321, 322, 325, 326, 329, 330, 333, 334, 336, 337], "excluded_lines": [], "start_line": 297, "executed_branches": [[305, 309], [309, 310], [309, 313], [313, 314]], "missing_branches": [[305, 306], [313, 317], [317, 318], [317, 321], [321, 322], [321, 325], [325, 326], [325, 329], [329, 330], [329, 333], [333, 334], [333, 336]]}, "_get_listing_ids_for_alert": {"executed_lines": [344, 346, 347, 349, 350, 353], "summary": {"covered_lines": 6, "num_statements": 7, "percent_covered": 81.81818181818181, "percent_covered_display": "81.82", "missing_lines": 1, "excluded_lines": 0, "percent_statements_covered": 85.71428571428571, "percent_statements_covered_display": "85.71", "num_branches": 4, "num_partial_branches": 1, "covered_branches": 3, "missing_branches": 1, "percent_branches_covered": 75.0, "percent_branches_covered_display": "75.00"}, "missing_lines": [355], "excluded_lines": [], "start_line": 342, "executed_branches": [[346, 347], [346, 349], [349, 350]], "missing_branches": [[349, 355]]}, "_check_conversion_below": {"executed_lines": [], "summary": {"covered_lines": 0, "num_statements": 21, "percent_covered": 0.0, "percent_covered_display": "0.00", "missing_lines": 21, "excluded_lines": 0, "percent_statements_covered": 0.0, "percent_statements_covered_display": "0.00", "num_branches": 10, "num_partial_branches": 0, "covered_branches": 0, "missing_branches": 10, "percent_branches_covered": 0.0, "percent_branches_covered_display": "0.00"}, "missing_lines": [360, 362, 363, 364, 365, 367, 369, 370, 379, 380, 381, 383, 384, 385, 386, 390, 392, 395, 396, 397, 403], "excluded_lines": [], "start_line": 358, "executed_branches": [], "missing_branches": [[364, 365], [364, 367], [369, 370], [369, 403], [380, 381], [380, 383], [384, 385], [384, 386], [390, 369], [390, 392]]}, "_check_stock_below": {"executed_lines": [408, 410, 411, 412, 415, 417, 423, 424, 427, 430, 431, 434, 435, 436, 441], "summary": {"covered_lines": 15, "num_statements": 18, "percent_covered": 78.57142857142857, "percent_covered_display": "78.57", "missing_lines": 3, "excluded_lines": 0, "percent_statements_covered": 83.33333333333333, "percent_statements_covered_display": "83.33", "num_branches": 10, "num_partial_branches": 3, "covered_branches": 7, "missing_branches": 3, "percent_branches_covered": 70.0, "percent_branches_covered_display": "70.00"}, "missing_lines": [413, 425, 428], "excluded_lines": [], "start_line": 406, "executed_branches": [[412, 415], [415, 417], [415, 441], [424, 427], [427, 430], [430, 415], [430, 431]], "missing_branches": [[412, 413], [424, 425], [427, 428]]}, "_check_no_sales_days": {"executed_lines": [446, 448, 449, 450, 453, 455, 456, 464, 466, 469, 470, 471, 474, 475, 476, 481], "summary": {"covered_lines": 16, "num_statements": 18, "percent_covered": 84.61538461538461, "percent_covered_display": "84.62", "missing_lines": 2, "excluded_lines": 0, "percent_statements_covered": 88.88888888888889, "percent_statements_covered_display": "88.89", "num_branches": 8, "num_partial_branches": 2, "covered_branches": 6, "missing_branches": 2, "percent_branches_covered": 75.0, "percent_branches_covered_display": "75.00"}, "missing_lines": [451, 467], "excluded_lines": [], "start_line": 444, "executed_branches": [[450, 453], [455, 456], [455, 481], [466, 469], [470, 455], [470, 471]], "missing_branches": [[450, 451], [466, 467]]}, "_check_competitor_price_change": {"executed_lines": [], "summary": {"covered_lines": 0, "num_statements": 25, "percent_covered": 0.0, "percent_covered_display": "0.00", "missing_lines": 25, "excluded_lines": 0, "percent_statements_covered": 0.0, "percent_statements_covered_display": "0.00", "num_branches": 12, "num_partial_branches": 0, "covered_branches": 0, "missing_branches": 12, "percent_branches_covered": 0.0, "percent_branches_covered_display": "0.00"}, "missing_lines": [491, 492, 494, 495, 496, 498, 500, 501, 507, 509, 511, 517, 519, 520, 522, 524, 525, 527, 528, 531, 532, 533, 534, 535, 541], "excluded_lines": [], "start_line": 484, "executed_branches": [], "missing_branches": [[495, 496], [495, 498], [500, 501], [500, 541], [509, 500], [509, 511], [519, 520], [519, 522], [524, 525], [524, 527], [527, 509], [527, 528]]}, "_check_competitor_price_below": {"executed_lines": [], "summary": {"covered_lines": 0, "num_statements": 20, "percent_covered": 0.0, "percent_covered_display": "0.00", "missing_lines": 20, "excluded_lines": 0, "percent_statements_covered": 0.0, "percent_statements_covered_display": "0.00", "num_branches": 10, "num_partial_branches": 0, "covered_branches": 0, "missing_branches": 10, "percent_branches_covered": 0.0, "percent_branches_covered_display": "0.00"}, "missing_lines": [548, 549, 551, 552, 553, 554, 556, 557, 563, 565, 567, 573, 574, 575, 577, 578, 581, 582, 583, 590], "excluded_lines": [], "start_line": 544, "executed_branches": [], "missing_branches": [[553, 554], [553, 556], [556, 557], [556, 590], [565, 556], [565, 567], [574, 575], [574, 577], [577, 565], [577, 578]]}, "_check_visits_spike": {"executed_lines": [], "summary": {"covered_lines": 0, "num_statements": 25, "percent_covered": 0.0, "percent_covered_display": "0.00", "missing_lines": 25, "excluded_lines": 0, "percent_statements_covered": 0.0, "percent_statements_covered_display": "0.00", "num_branches": 12, "num_partial_branches": 0, "covered_branches": 0, "missing_branches": 12, "percent_branches_covered": 0.0, "percent_branches_covered_display": "0.00"}, "missing_lines": [598, 600, 601, 602, 604, 605, 607, 609, 617, 618, 619, 622, 623, 624, 625, 627, 630, 631, 632, 634, 635, 638, 639, 640, 646], "excluded_lines": [], "start_line": 593, "executed_branches": [], "missing_branches": [[601, 602], [601, 604], [607, 609], [607, 646], [618, 619], [618, 622], [624, 625], [624, 627], [631, 632], [631, 634], [634, 607], [634, 635]]}, "_check_conversion_improved": {"executed_lines": [], "summary": {"covered_lines": 0, "num_statements": 26, "percent_covered": 0.0, "percent_covered_display": "0.00", "missing_lines": 26, "excluded_lines": 0, "percent_statements_covered": 0.0, "percent_statements_covered_display": "0.00", "num_branches": 12, "num_partial_branches": 0, "covered_branches": 0, "missing_branches": 12, "percent_branches_covered": 0.0, "percent_branches_covered_display": "0.00"}, "missing_lines": [654, 656, 657, 658, 660, 661, 663, 664, 673, 674, 675, 678, 679, 680, 682, 687, 688, 689, 691, 692, 694, 695, 698, 699, 700, 706], "excluded_lines": [], "start_line": 649, "executed_branches": [], "missing_branches": [[657, 658], [657, 660], [663, 664], [663, 706], [674, 675], [674, 678], [679, 680], [679, 682], [688, 689], [688, 691], [694, 663], [694, 695]]}, "_check_stockout_forecast": {"executed_lines": [], "summary": {"covered_lines": 0, "num_statements": 27, "percent_covered": 0.0, "percent_covered_display": "0.00", "missing_lines": 27, "excluded_lines": 0, "percent_statements_covered": 0.0, "percent_statements_covered_display": "0.00", "num_branches": 12, "num_partial_branches": 0, "covered_branches": 0, "missing_branches": 12, "percent_branches_covered": 0.0, "percent_branches_covered_display": "0.00"}, "missing_lines": [719, 721, 722, 723, 724, 726, 728, 730, 738, 739, 740, 743, 744, 745, 746, 748, 751, 752, 754, 756, 758, 760, 761, 764, 765, 766, 772], "excluded_lines": [], "start_line": 709, "executed_branches": [], "missing_branches": [[723, 724], [723, 726], [728, 730], [728, 772], [739, 740], [739, 743], [745, 746], [745, 748], [754, 756], [754, 758], [760, 728], [760, 761]]}, "": {"executed_lines": [9, 10, 11, 12, 14, 15, 16, 18, 19, 21, 29, 58, 115, 138, 159, 182, 198, 219, 247, 297, 342, 358, 406, 444, 484, 544, 593, 649, 709], "summary": {"covered_lines": 29, "num_statements": 29, "percent_covered": 100.0, "percent_covered_display": "100.00", "missing_lines": 0, "excluded_lines": 0, "percent_statements_covered": 100.0, "percent_statements_covered_display": "100.00", "num_branches": 0, "num_partial_branches": 0, "covered_branches": 0, "missing_branches": 0, "percent_branches_covered": 100.0, "percent_branches_covered_display": "100.00"}, "missing_lines": [], "excluded_lines": [], "start_line": 1, "executed_branches": [], "missing_branches": []}}, "classes": {"": {"executed_lines": [9, 10, 11, 12, 14, 15, 16, 18, 19, 21, 29, 31, 34, 35, 36, 37, 40, 41, 42, 43, 46, 47, 50, 58, 65, 66, 68, 74, 75, 81, 82, 84, 90, 97, 99, 109, 110, 111, 112, 115, 122, 124, 127, 128, 130, 135, 138, 144, 150, 151, 152, 156, 159, 166, 168, 169, 170, 171, 172, 173, 174, 177, 178, 179, 182, 188, 189, 190, 198, 204, 206, 216, 219, 227, 229, 231, 239, 247, 258, 259, 264, 265, 268, 269, 270, 271, 272, 273, 279, 282, 286, 289, 291, 292, 293, 294, 297, 302, 305, 309, 310, 313, 314, 342, 344, 346, 347, 349, 350, 353, 358, 406, 408, 410, 411, 412, 415, 417, 423, 424, 427, 430, 431, 434, 435, 436, 441, 444, 446, 448, 449, 450, 453, 455, 456, 464, 466, 469, 470, 471, 474, 475, 476, 481, 484, 544, 593, 649, 709], "summary": {"covered_lines": 149, "num_statements": 318, "percent_covered": 43.93939393939394, "percent_covered_display": "43.94", "missing_lines": 169, "excluded_lines": 0, "percent_statements_covered": 46.855345911949684, "percent_statements_covered_display": "46.86", "num_branches": 144, "num_partial_branches": 12, "covered_branches": 54, "missing_branches": 90, "percent_branches_covered": 37.5, "percent_branches_covered_display": "37.50"}, "missing_lines": [91, 125, 175, 260, 261, 262, 306, 317, 318, 321, 322, 325, 326, 329, 330, 333, 334, 336, 337, 355, 360, 362, 363, 364, 365, 367, 369, 370, 379, 380, 381, 383, 384, 385, 386, 390, 392, 395, 396, 397, 403, 413, 425, 428, 451, 467, 491, 492, 494, 495, 496, 498, 500, 501, 507, 509, 511, 517, 519, 520, 522, 524, 525, 527, 528, 531, 532, 533, 534, 535, 541, 548, 549, 551, 552, 553, 554, 556, 557, 563, 565, 567, 573, 574, 575, 577, 578, 581, 582, 583, 590, 598, 600, 601, 602, 604, 605, 607, 609, 617, 618, 619, 622, 623, 624, 625, 627, 630, 631, 632, 634, 635, 638, 639, 640, 646, 654, 656, 657, 658, 660, 661, 663, 664, 673, 674, 675, 678, 679, 680, 682, 687, 688, 689, 691, 692, 694, 695, 698, 699, 700, 706, 719, 721, 722, 723, 724, 726, 728, 730, 738, 739, 740, 743, 744, 745, 746, 748, 751, 752, 754, 756, 758, 760, 761, 764, 765, 766, 772], "excluded_lines": [], "start_line": 1, "executed_branches": [[34, 35], [34, 36], [36, 37], [36, 40], [40, 41], [40, 42], [42, 43], [42, 46], [46, 47], [46, 50], [65, 66], [65, 81], [74, 75], [74, 81], [81, 82], [81, 97], [90, 97], [124, 127], [127, 128], [127, 130], [151, 152], [151, 156], [168, 169], [168, 170], [170, 171], [170, 172], [172, 173], [172, 174], [174, 177], [264, 265], [264, 268], [269, 270], [269, 282], [272, 273], [305, 309], [309, 310], [309, 313], [313, 314], [346, 347], [346, 349], [349, 350], [412, 415], [415, 417], [415, 441], [424, 427], [427, 430], [430, 415], [430, 431], [450, 453], [455, 456], [455, 481], [466, 469], [470, 455], [470, 471]], "missing_branches": [[90, 91], [124, 125], [174, 175], [272, 282], [305, 306], [313, 317], [317, 318], [317, 321], [321, 322], [321, 325], [325, 326], [325, 329], [329, 330], [329, 333], [333, 334], [333, 336], [349, 355], [364, 365], [364, 367], [369, 370], [369, 403], [380, 381], [380, 383], [384, 385], [384, 386], [390, 369], [390, 392], [412, 413], [424, 425], [427, 428], [450, 451], [466, 467], [495, 496], [495, 498], [500, 501], [500, 541], [509, 500], [509, 511], [519, 520], [519, 522], [524, 525], [524, 527], [527, 509], [527, 528], [553, 554], [553, 556], [556, 557], [556, 590], [565, 556], [565, 567], [574, 575], [574, 577], [577, 565], [577, 578], [601, 602], [601, 604], [607, 609], [607, 646], [618, 619], [618, 622], [624, 625], [624, 627], [631, 632], [631, 634], [634, 607], [634, 635], [657, 658], [657, 660], [663, 664], [663, 706], [674, 675], [674, 678], [679, 680], [679, 682], [688, 689], [688, 691], [694, 663], [694, 695], [723, 724], [723, 726], [728, 730], [728, 772], [739, 740], [739, 743], [745, 746], [745, 748], [754, 756], [754, 758], [760, 728], [760, 761]]}}}, "app\\analise\\__init__.py": {"executed_lines": [], "summary": {"covered_lines": 0, "num_statements": 0, "percent_covered": 100.0, "percent_covered_display": "100.00", "missing_lines": 0, "excluded_lines": 0, "percent_statements_covered": 100.0, "percent_statements_covered_display": "100.00", "num_branches": 0, "num_partial_branches": 0, "covered_branches": 0, "missing_branches": 0, "percent_branches_covered": 100.0, "percent_branches_covered_display": "100.00"}, "missing_lines": [], "excluded_lines": [], "executed_branches": [], "missing_branches": [], "functions": {"": {"executed_lines": [], "summary": {"covered_lines": 0, "num_statements": 0, "percent_covered": 100.0, "percent_covered_display": "100.00", "missing_lines": 0, "excluded_lines": 0, "percent_statements_covered": 100.0, "percent_statements_covered_display": "100.00", "num_branches": 0, "num_partial_branches": 0, "covered_branches": 0, "missing_branches": 0, "percent_branches_covered": 100.0, "percent_branches_covered_display": "100.00"}, "missing_lines": [], "excluded_lines": [], "start_line": 1, "executed_branches": [], "missing_branches": []}}, "classes": {"": {"executed_lines": [], "summary": {"covered_lines": 0, "num_statements": 0, "percent_covered": 100.0, "percent_covered_display": "100.00", "missing_lines": 0, "excluded_lines": 0, "percent_statements_covered": 100.0, "percent_statements_covered_display": "100.00", "num_branches": 0, "num_partial_branches": 0, "covered_branches": 0, "missing_branches": 0, "percent_branches_covered": 100.0, "percent_branches_covered_display": "100.00"}, "missing_lines": [], "excluded_lines": [], "start_line": 1, "executed_branches": [], "missing_branches": []}}}, "app\\analise\\router.py": {"executed_lines": [7, 9, 10, 12, 13, 14, 15, 16, 18, 21, 22], "summary": {"covered_lines": 11, "num_statements": 13, "percent_covered": 84.61538461538461, "percent_covered_display": "84.62", "missing_lines": 2, "excluded_lines": 0, "percent_statements_covered": 84.61538461538461, "percent_statements_covered_display": "84.62", "num_branches": 0, "num_partial_branches": 0, "covered_branches": 0, "missing_branches": 0, "percent_branches_covered": 100.0, "percent_branches_covered_display": "100.00"}, "missing_lines": [45, 46], "excluded_lines": [], "executed_branches": [], "missing_branches": [], "functions": {"get_analysis_listings": {"executed_lines": [], "summary": {"covered_lines": 0, "num_statements": 2, "percent_covered": 0.0, "percent_covered_display": "0.00", "missing_lines": 2, "excluded_lines": 0, "percent_statements_covered": 0.0, "percent_statements_covered_display": "0.00", "num_branches": 0, "num_partial_branches": 0, "covered_branches": 0, "missing_branches": 0, "percent_branches_covered": 100.0, "percent_branches_covered_display": "100.00"}, "missing_lines": [45, 46], "excluded_lines": [], "start_line": 22, "executed_branches": [], "missing_branches": []}, "": {"executed_lines": [7, 9, 10, 12, 13, 14, 15, 16, 18, 21, 22], "summary": {"covered_lines": 11, "num_statements": 11, "percent_covered": 100.0, "percent_covered_display": "100.00", "missing_lines": 0, "excluded_lines": 0, "percent_statements_covered": 100.0, "percent_statements_covered_display": "100.00", "num_branches": 0, "num_partial_branches": 0, "covered_branches": 0, "missing_branches": 0, "percent_branches_covered": 100.0, "percent_branches_covered_display": "100.00"}, "missing_lines": [], "excluded_lines": [], "start_line": 1, "executed_branches": [], "missing_branches": []}}, "classes": {"": {"executed_lines": [7, 9, 10, 12, 13, 14, 15, 16, 18, 21, 22], "summary": {"covered_lines": 11, "num_statements": 13, "percent_covered": 84.61538461538461, "percent_covered_display": "84.62", "missing_lines": 2, "excluded_lines": 0, "percent_statements_covered": 84.61538461538461, "percent_statements_covered_display": "84.62", "num_branches": 0, "num_partial_branches": 0, "covered_branches": 0, "missing_branches": 0, "percent_branches_covered": 100.0, "percent_branches_covered_display": "100.00"}, "missing_lines": [45, 46], "excluded_lines": [], "start_line": 1, "executed_branches": [], "missing_branches": []}}}, "app\\analise\\schemas.py": {"executed_lines": [1, 2, 5, 9, 12, 15, 16, 19, 20, 21, 24, 25, 26, 27, 30, 31, 32, 35, 38, 39, 40, 43, 44, 45, 48, 49, 50, 52, 53, 56], "summary": {"covered_lines": 30, "num_statements": 30, "percent_covered": 100.0, "percent_covered_display": "100.00", "missing_lines": 0, "excluded_lines": 0, "percent_statements_covered": 100.0, "percent_statements_covered_display": "100.00", "num_branches": 0, "num_partial_branches": 0, "covered_branches": 0, "missing_branches": 0, "percent_branches_covered": 100.0, "percent_branches_covered_display": "100.00"}, "missing_lines": [], "excluded_lines": [], "executed_branches": [], "missing_branches": [], "functions": {"": {"executed_lines": [1, 2, 5, 9, 12, 15, 16, 19, 20, 21, 24, 25, 26, 27, 30, 31, 32, 35, 38, 39, 40, 43, 44, 45, 48, 49, 50, 52, 53, 56], "summary": {"covered_lines": 30, "num_statements": 30, "percent_covered": 100.0, "percent_covered_display": "100.00", "missing_lines": 0, "excluded_lines": 0, "percent_statements_covered": 100.0, "percent_statements_covered_display": "100.00", "num_branches": 0, "num_partial_branches": 0, "covered_branches": 0, "missing_branches": 0, "percent_branches_covered": 100.0, "percent_branches_covered_display": "100.00"}, "missing_lines": [], "excluded_lines": [], "start_line": 1, "executed_branches": [], "missing_branches": []}}, "classes": {"AnuncioAnalise": {"executed_lines": [], "summary": {"covered_lines": 0, "num_statements": 0, "percent_covered": 100.0, "percent_covered_display": "100.00", "missing_lines": 0, "excluded_lines": 0, "percent_statements_covered": 100.0, "percent_statements_covered_display": "100.00", "num_branches": 0, "num_partial_branches": 0, "covered_branches": 0, "missing_branches": 0, "percent_branches_covered": 100.0, "percent_branches_covered_display": "100.00"}, "missing_lines": [], "excluded_lines": [], "start_line": 5, "executed_branches": [], "missing_branches": []}, "AnuncioAnalise.Config": {"executed_lines": [], "summary": {"covered_lines": 0, "num_statements": 0, "percent_covered": 100.0, "percent_covered_display": "100.00", "missing_lines": 0, "excluded_lines": 0, "percent_statements_covered": 100.0, "percent_statements_covered_display": "100.00", "num_branches": 0, "num_partial_branches": 0, "covered_branches": 0, "missing_branches": 0, "percent_branches_covered": 100.0, "percent_branches_covered_display": "100.00"}, "missing_lines": [], "excluded_lines": [], "start_line": 52, "executed_branches": [], "missing_branches": []}, "AnaliseResponse": {"executed_lines": [], "summary": {"covered_lines": 0, "num_statements": 0, "percent_covered": 100.0, "percent_covered_display": "100.00", "missing_lines": 0, "excluded_lines": 0, "percent_statements_covered": 100.0, "percent_statements_covered_display": "100.00", "num_branches": 0, "num_partial_branches": 0, "covered_branches": 0, "missing_branches": 0, "percent_branches_covered": 100.0, "percent_branches_covered_display": "100.00"}, "missing_lines": [], "excluded_lines": [], "start_line": 56, "executed_branches": [], "missing_branches": []}, "": {"executed_lines": [1, 2, 5, 9, 12, 15, 16, 19, 20, 21, 24, 25, 26, 27, 30, 31, 32, 35, 38, 39, 40, 43, 44, 45, 48, 49, 50, 52, 53, 56], "summary": {"covered_lines": 30, "num_statements": 30, "percent_covered": 100.0, "percent_covered_display": "100.00", "missing_lines": 0, "excluded_lines": 0, "percent_statements_covered": 100.0, "percent_statements_covered_display": "100.00", "num_branches": 0, "num_partial_branches": 0, "covered_branches": 0, "missing_branches": 0, "percent_branches_covered": 100.0, "percent_branches_covered_display": "100.00"}, "missing_lines": [], "excluded_lines": [], "start_line": 1, "executed_branches": [], "missing_branches": []}}}, "app\\analise\\service.py": {"executed_lines": [7, 8, 10, 18, 20, 21, 22, 23, 26, 29], "summary": {"covered_lines": 10, "num_statements": 98, "percent_covered": 7.8125, "percent_covered_display": "7.81", "missing_lines": 88, "excluded_lines": 0, "percent_statements_covered": 10.204081632653061, "percent_statements_covered_display": "10.20", "num_branches": 30, "num_partial_branches": 0, "covered_branches": 0, "missing_branches": 30, "percent_branches_covered": 0.0, "percent_branches_covered_display": "0.00"}, "missing_lines": [48, 49, 50, 51, 52, 53, 54, 57, 58, 59, 60, 61, 62, 65, 68, 78, 88, 95, 102, 111, 124, 137, 150, 162, 174, 186, 193, 200, 208, 217, 333, 334, 338, 341, 344, 345, 348, 349, 350, 352, 354, 357, 362, 363, 369, 371, 372, 373, 376, 377, 379, 380, 383, 384, 385, 387, 390, 391, 393, 394, 395, 397, 398, 401, 402, 403, 406, 407, 408, 409, 410, 411, 412, 415, 416, 417, 418, 419, 420, 421, 422, 423, 424, 425, 426, 428, 458, 460], "excluded_lines": [], "executed_branches": [], "missing_branches": [[348, 349], [348, 390], [352, 354], [352, 357], [357, 348], [357, 362], [369, 357], [369, 371], [372, 373], [372, 376], [376, 377], [376, 379], [379, 380], [379, 383], [391, 393], [391, 460], [402, 403], [402, 406], [415, 416], [415, 417], [417, 418], [417, 419], [419, 420], [419, 421], [421, 422], [421, 423], [423, 424], [423, 425], [425, 426], [425, 428]], "functions": {"get_analysis_listings": {"executed_lines": [], "summary": {"covered_lines": 0, "num_statements": 88, "percent_covered": 0.0, "percent_covered_display": "0.00", "missing_lines": 88, "excluded_lines": 0, "percent_statements_covered": 0.0, "percent_statements_covered_display": "0.00", "num_branches": 30, "num_partial_branches": 0, "covered_branches": 0, "missing_branches": 30, "percent_branches_covered": 0.0, "percent_branches_covered_display": "0.00"}, "missing_lines": [48, 49, 50, 51, 52, 53, 54, 57, 58, 59, 60, 61, 62, 65, 68, 78, 88, 95, 102, 111, 124, 137, 150, 162, 174, 186, 193, 200, 208, 217, 333, 334, 338, 341, 344, 345, 348, 349, 350, 352, 354, 357, 362, 363, 369, 371, 372, 373, 376, 377, 379, 380, 383, 384, 385, 387, 390, 391, 393, 394, 395, 397, 398, 401, 402, 403, 406, 407, 408, 409, 410, 411, 412, 415, 416, 417, 418, 419, 420, 421, 422, 423, 424, 425, 426, 428, 458, 460], "excluded_lines": [], "start_line": 29, "executed_branches": [], "missing_branches": [[348, 349], [348, 390], [352, 354], [352, 357], [357, 348], [357, 362], [369, 357], [369, 371], [372, 373], [372, 376], [376, 377], [376, 379], [379, 380], [379, 383], [391, 393], [391, 460], [402, 403], [402, 406], [415, 416], [415, 417], [417, 418], [417, 419], [419, 420], [419, 421], [421, 422], [421, 423], [423, 424], [423, 425], [425, 426], [425, 428]]}, "": {"executed_lines": [7, 8, 10, 18, 20, 21, 22, 23, 26, 29], "summary": {"covered_lines": 10, "num_statements": 10, "percent_covered": 100.0, "percent_covered_display": "100.00", "missing_lines": 0, "excluded_lines": 0, "percent_statements_covered": 100.0, "percent_statements_covered_display": "100.00", "num_branches": 0, "num_partial_branches": 0, "covered_branches": 0, "missing_branches": 0, "percent_branches_covered": 100.0, "percent_branches_covered_display": "100.00"}, "missing_lines": [], "excluded_lines": [], "start_line": 1, "executed_branches": [], "missing_branches": []}}, "classes": {"": {"executed_lines": [7, 8, 10, 18, 20, 21, 22, 23, 26, 29], "summary": {"covered_lines": 10, "num_statements": 98, "percent_covered": 7.8125, "percent_covered_display": "7.81", "missing_lines": 88, "excluded_lines": 0, "percent_statements_covered": 10.204081632653061, "percent_statements_covered_display": "10.20", "num_branches": 30, "num_partial_branches": 0, "covered_branches": 0, "missing_branches": 30, "percent_branches_covered": 0.0, "percent_branches_covered_display": "0.00"}, "missing_lines": [48, 49, 50, 51, 52, 53, 54, 57, 58, 59, 60, 61, 62, 65, 68, 78, 88, 95, 102, 111, 124, 137, 150, 162, 174, 186, 193, 200, 208, 217, 333, 334, 338, 341, 344, 345, 348, 349, 350, 352, 354, 357, 362, 363, 369, 371, 372, 373, 376, 377, 379, 380, 383, 384, 385, 387, 390, 391, 393, 394, 395, 397, 398, 401, 402, 403, 406, 407, 408, 409, 410, 411, 412, 415, 416, 417, 418, 419, 420, 421, 422, 423, 424, 425, 426, 428, 458, 460], "excluded_lines": [], "start_line": 1, "executed_branches": [], "missing_branches": [[348, 349], [348, 390], [352, 354], [352, 357], [357, 348], [357, 362], [369, 357], [369, 371], [372, 373], [372, 376], [376, 377], [376, 379], [379, 380], [379, 383], [391, 393], [391, 460], [402, 403], [402, 406], [415, 416], [415, 417], [417, 418], [417, 419], [419, 420], [419, 421], [421, 422], [421, 423], [423, 424], [423, 425], [425, 426], [425, 428]]}}}, "app\\atendimento\\__init__.py": {"executed_lines": [], "summary": {"covered_lines": 0, "num_statements": 0, "percent_covered": 100.0, "percent_covered_display": "100.00", "missing_lines": 0, "excluded_lines": 0, "percent_statements_covered": 100.0, "percent_statements_covered_display": "100.00", "num_branches": 0, "num_partial_branches": 0, "covered_branches": 0, "missing_branches": 0, "percent_branches_covered": 100.0, "percent_branches_covered_display": "100.00"}, "missing_lines": [], "excluded_lines": [], "executed_branches": [], "missing_branches": [], "functions": {"": {"executed_lines": [], "summary": {"covered_lines": 0, "num_statements": 0, "percent_covered": 100.0, "percent_covered_display": "100.00", "missing_lines": 0, "excluded_lines": 0, "percent_statements_covered": 100.0, "percent_statements_covered_display": "100.00", "num_branches": 0, "num_partial_branches": 0, "covered_branches": 0, "missing_branches": 0, "percent_branches_covered": 100.0, "percent_branches_covered_display": "100.00"}, "missing_lines": [], "excluded_lines": [], "start_line": 1, "executed_branches": [], "missing_branches": []}}, "classes": {"": {"executed_lines": [], "summary": {"covered_lines": 0, "num_statements": 0, "percent_covered": 100.0, "percent_covered_display": "100.00", "missing_lines": 0, "excluded_lines": 0, "percent_statements_covered": 100.0, "percent_statements_covered_display": "100.00", "num_branches": 0, "num_partial_branches": 0, "covered_branches": 0, "missing_branches": 0, "percent_branches_covered": 100.0, "percent_branches_covered_display": "100.00"}, "missing_lines": [], "excluded_lines": [], "start_line": 1, "executed_branches": [], "missing_branches": []}}}, "app\\atendimento\\models.py": {"executed_lines": [2, 3, 5, 6, 7, 9, 10, 13, 23, 25, 28, 34, 39, 45, 50, 53, 57, 60, 63, 67, 70, 74, 79, 82, 86, 91, 96, 102, 105, 110, 115, 122, 124, 131, 134, 136, 139, 142, 143, 144, 150, 153, 156, 159, 167], "summary": {"covered_lines": 45, "num_statements": 45, "percent_covered": 100.0, "percent_covered_display": "100.00", "missing_lines": 0, "excluded_lines": 0, "percent_statements_covered": 100.0, "percent_statements_covered_display": "100.00", "num_branches": 0, "num_partial_branches": 0, "covered_branches": 0, "missing_branches": 0, "percent_branches_covered": 100.0, "percent_branches_covered_display": "100.00"}, "missing_lines": [], "excluded_lines": [], "executed_branches": [], "missing_branches": [], "functions": {"": {"executed_lines": [2, 3, 5, 6, 7, 9, 10, 13, 23, 25, 28, 34, 39, 45, 50, 53, 57, 60, 63, 67, 70, 74, 79, 82, 86, 91, 96, 102, 105, 110, 115, 122, 124, 131, 134, 136, 139, 142, 143, 144, 150, 153, 156, 159, 167], "summary": {"covered_lines": 45, "num_statements": 45, "percent_covered": 100.0, "percent_covered_display": "100.00", "missing_lines": 0, "excluded_lines": 0, "percent_statements_covered": 100.0, "percent_statements_covered_display": "100.00", "num_branches": 0, "num_partial_branches": 0, "covered_branches": 0, "missing_branches": 0, "percent_branches_covered": 100.0, "percent_branches_covered_display": "100.00"}, "missing_lines": [], "excluded_lines": [], "start_line": 1, "executed_branches": [], "missing_branches": []}}, "classes": {"Claim": {"executed_lines": [], "summary": {"covered_lines": 0, "num_statements": 0, "percent_covered": 100.0, "percent_covered_display": "100.00", "missing_lines": 0, "excluded_lines": 0, "percent_statements_covered": 100.0, "percent_stateme
[...]
tial_branches": 2, "covered_branches": 4, "missing_branches": 12, "percent_branches_covered": 25.0, "percent_branches_covered_display": "25.00"}, "missing_lines": [119, 120, 121, 122, 123, 126, 127, 128, 129, 146, 147, 148, 150, 151, 152, 153, 157, 161, 166, 169, 170, 174, 178, 181, 182, 183, 187, 188, 193, 194, 195, 199, 200, 201, 203, 204, 205, 212, 213, 214, 222, 223, 224, 225, 228, 230, 231, 232, 235, 253, 254, 255, 257, 258, 266], "excluded_lines": [], "start_line": 73, "executed_branches": [[110, 111], [110, 115], [118, 135], [136, 137]], "missing_branches": [[118, 119], [136, 146], [169, 170], [169, 181], [181, 182], [181, 193], [228, 230], [228, 235], [231, 232], [231, 235], [257, 258], [257, 266]]}, "simulate_price": {"executed_lines": [298, 300, 303, 304, 312, 314, 315, 316, 319, 320, 325, 326, 327, 329, 348, 350, 351, 353, 355, 376, 377, 380, 381, 382, 385, 388, 389, 390, 391, 392, 393, 394, 397, 401, 404, 405, 410, 412, 445, 446, 448, 449, 452, 457, 463, 464, 465, 467, 473], "summary": {"covered_lines": 49, "num_statements": 70, "percent_covered": 63.829787234042556, "percent_covered_display": "63.83", "missing_lines": 21, "excluded_lines": 0, "percent_statements_covered": 70.0, "percent_statements_covered_display": "70.00", "num_branches": 24, "num_partial_branches": 3, "covered_branches": 11, "missing_branches": 13, "percent_branches_covered": 45.833333333333336, "percent_branches_covered_display": "45.83"}, "missing_lines": [321, 324, 378, 416, 419, 420, 421, 422, 423, 425, 426, 428, 430, 431, 433, 436, 437, 438, 439, 440, 442], "excluded_lines": [], "start_line": 284, "executed_branches": [[320, 325], [348, 350], [348, 376], [350, 351], [350, 353], [377, 380], [389, 390], [389, 397], [392, 393], [392, 394], [410, 412]], "missing_branches": [[320, 321], [377, 378], [410, 416], [421, 422], [421, 428], [422, 423], [422, 425], [428, 430], [428, 431], [431, 433], [431, 436], [438, 439], [438, 442]]}, "simulate_price._calcular_margem_simples": {"executed_lines": [331, 338], "summary": {"covered_lines": 2, "num_statements": 2, "percent_covered": 100.0, "percent_covered_display": "100.00", "missing_lines": 0, "excluded_lines": 0, "percent_statements_covered": 100.0, "percent_statements_covered_display": "100.00", "num_branches": 0, "num_partial_branches": 0, "covered_branches": 0, "missing_branches": 0, "percent_branches_covered": 100.0, "percent_branches_covered_display": "100.00"}, "missing_lines": [], "excluded_lines": [], "start_line": 329, "executed_branches": [], "missing_branches": []}, "create_or_update_promotion": {"executed_lines": [], "summary": {"covered_lines": 0, "num_statements": 5, "percent_covered": 0.0, "percent_covered_display": "0.00", "missing_lines": 5, "excluded_lines": 0, "percent_statements_covered": 0.0, "percent_statements_covered_display": "0.00", "num_branches": 0, "num_partial_branches": 0, "covered_branches": 0, "missing_branches": 0, "percent_branches_covered": 100.0, "percent_branches_covered_display": "100.00"}, "missing_lines": [498, 500, 503, 504, 506], "excluded_lines": [], "start_line": 488, "executed_branches": [], "missing_branches": []}, "list_repricing_rules": {"executed_lines": [534, 536, 538, 539, 540, 541, 544, 550, 552], "summary": {"covered_lines": 9, "num_statements": 10, "percent_covered": 85.71428571428571, "percent_covered_display": "85.71", "missing_lines": 1, "excluded_lines": 0, "percent_statements_covered": 90.0, "percent_statements_covered_display": "90.00", "num_branches": 4, "num_partial_branches": 1, "covered_branches": 3, "missing_branches": 1, "percent_branches_covered": 75.0, "percent_branches_covered_display": "75.00"}, "missing_lines": [542], "excluded_lines": [], "start_line": 521, "executed_branches": [[539, 540], [539, 541], [541, 544]], "missing_branches": [[541, 542]]}, "create_repricing_rule": {"executed_lines": [567, 570, 576, 577, 578, 584, 591, 592, 601, 610, 611, 612, 614], "summary": {"covered_lines": 13, "num_statements": 14, "percent_covered": 88.88888888888889, "percent_covered_display": "88.89", "missing_lines": 1, "excluded_lines": 0, "percent_statements_covered": 92.85714285714286, "percent_statements_covered_display": "92.86", "num_branches": 4, "num_partial_branches": 1, "covered_branches": 3, "missing_branches": 1, "percent_branches_covered": 75.0, "percent_branches_covered_display": "75.00"}, "missing_lines": [593], "excluded_lines": [], "start_line": 555, "executed_branches": [[577, 578], [577, 584], [592, 601]], "missing_branches": [[592, 593]]}, "update_repricing_rule": {"executed_lines": [], "summary": {"covered_lines": 0, "num_statements": 11, "percent_covered": 0.0, "percent_covered_display": "0.00", "missing_lines": 11, "excluded_lines": 0, "percent_statements_covered": 0.0, "percent_statements_covered_display": "0.00", "num_branches": 4, "num_partial_branches": 0, "covered_branches": 0, "missing_branches": 4, "percent_branches_covered": 0.0, "percent_branches_covered_display": "0.00"}, "missing_lines": [631, 633, 639, 640, 641, 649, 650, 651, 653, 654, 656], "excluded_lines": [], "start_line": 617, "executed_branches": [], "missing_branches": [[640, 641], [640, 649], [650, 651], [650, 653]]}, "delete_repricing_rule": {"executed_lines": [670, 672, 678, 679, 680, 685, 686, 688], "summary": {"covered_lines": 8, "num_statements": 8, "percent_covered": 100.0, "percent_covered_display": "100.00", "missing_lines": 0, "excluded_lines": 0, "percent_statements_covered": 100.0, "percent_statements_covered_display": "100.00", "num_branches": 2, "num_partial_branches": 0, "covered_branches": 2, "missing_branches": 0, "percent_branches_covered": 100.0, "percent_branches_covered_display": "100.00"}, "missing_lines": [], "excluded_lines": [], "start_line": 659, "executed_branches": [[679, 680], [679, 685]], "missing_branches": []}, "_rule_to_dict": {"executed_lines": [693, 694], "summary": {"covered_lines": 2, "num_statements": 2, "percent_covered": 100.0, "percent_covered_display": "100.00", "missing_lines": 0, "excluded_lines": 0, "percent_statements_covered": 100.0, "percent_statements_covered_display": "100.00", "num_branches": 0, "num_partial_branches": 0, "covered_branches": 0, "missing_branches": 0, "percent_branches_covered": 100.0, "percent_branches_covered_display": "100.00"}, "missing_lines": [], "excluded_lines": [], "start_line": 691, "executed_branches": [], "missing_branches": []}, "": {"executed_lines": [4, 5, 6, 7, 8, 10, 11, 12, 14, 16, 17, 18, 19, 22, 51, 73, 284, 488, 521, 555, 617, 659, 691], "summary": {"covered_lines": 23, "num_statements": 23, "percent_covered": 100.0, "percent_covered_display": "100.00", "missing_lines": 0, "excluded_lines": 0, "percent_statements_covered": 100.0, "percent_statements_covered_display": "100.00", "num_branches": 0, "num_partial_branches": 0, "covered_branches": 0, "missing_branches": 0, "percent_branches_covered": 100.0, "percent_branches_covered_display": "100.00"}, "missing_lines": [], "excluded_lines": [], "start_line": 1, "executed_branches": [], "missing_branches": []}}, "classes": {"": {"executed_lines": [4, 5, 6, 7, 8, 10, 11, 12, 14, 16, 17, 18, 19, 22, 26, 28, 31, 34, 35, 37, 43, 51, 58, 60, 62, 63, 64, 66, 73, 94, 95, 96, 97, 98, 100, 102, 103, 106, 109, 110, 111, 115, 118, 135, 136, 137, 284, 298, 300, 303, 304, 312, 314, 315, 316, 319, 320, 325, 326, 327, 329, 331, 338, 348, 350, 351, 353, 355, 376, 377, 380, 381, 382, 385, 388, 389, 390, 391, 392, 393, 394, 397, 401, 404, 405, 410, 412, 445, 446, 448, 449, 452, 457, 463, 464, 465, 467, 473, 488, 521, 534, 536, 538, 539, 540, 541, 544, 550, 552, 555, 567, 570, 576, 577, 578, 584, 591, 592, 601, 610, 611, 612, 614, 617, 659, 670, 672, 678, 679, 680, 685, 686, 688, 691, 693, 694], "summary": {"covered_lines": 136, "num_statements": 230, "percent_covered": 55.985915492957744, "percent_covered_display": "55.99", "missing_lines": 94, "excluded_lines": 0, "percent_statements_covered": 59.130434782608695, "percent_statements_covered_display": "59.13", "num_branches": 54, "num_partial_branches": 7, "covered_branches": 23, "missing_branches": 31, "percent_branches_covered": 42.592592592592595, "percent_branches_covered_display": "42.59"}, "missing_lines": [119, 120, 121, 122, 123, 126, 127, 128, 129, 146, 147, 148, 150, 151, 152, 153, 157, 161, 166, 169, 170, 174, 178, 181, 182, 183, 187, 188, 193, 194, 195, 199, 200, 201, 203, 204, 205, 212, 213, 214, 222, 223, 224, 225, 228, 230, 231, 232, 235, 253, 254, 255, 257, 258, 266, 321, 324, 378, 416, 419, 420, 421, 422, 423, 425, 426, 428, 430, 431, 433, 436, 437, 438, 439, 440, 442, 498, 500, 503, 504, 506, 542, 593, 631, 633, 639, 640, 641, 649, 650, 651, 653, 654, 656], "excluded_lines": [], "start_line": 1, "executed_branches": [[110, 111], [110, 115], [118, 135], [136, 137], [320, 325], [348, 350], [348, 376], [350, 351], [350, 353], [377, 380], [389, 390], [389, 397], [392, 393], [392, 394], [410, 412], [539, 540], [539, 541], [541, 544], [577, 578], [577, 584], [592, 601], [679, 680], [679, 685]], "missing_branches": [[118, 119], [136, 146], [169, 170], [169, 181], [181, 182], [181, 193], [228, 230], [228, 235], [231, 232], [231, 235], [257, 258], [257, 266], [320, 321], [377, 378], [410, 416], [421, 422], [421, 428], [422, 423], [422, 425], [428, 430], [428, 431], [431, 433], [431, 436], [438, 439], [438, 442], [541, 542], [592, 593], [640, 641], [640, 649], [650, 651], [650, 653]]}}}, "app\\vendas\\service_sync.py": {"executed_lines": [4, 5, 6, 9, 11, 12, 13, 15, 16, 19, 24, 25, 28, 34, 36, 37, 42, 43, 44, 46, 47, 48, 50, 51, 53, 54, 55, 56, 59, 60, 61, 62, 66, 67, 68, 70, 71, 72, 73, 74, 75, 76, 78, 80, 81, 87, 88, 89, 91, 92, 93, 94, 95, 96, 97, 98, 99, 100, 103, 104, 105, 107, 108, 113, 119, 120, 121, 122, 133, 136, 139, 140, 142, 143, 144, 145, 150, 153, 154, 155, 156, 157, 162, 163, 164, 165, 167, 170, 171, 172, 173, 174, 179, 181, 182, 187, 188, 189, 190, 191, 192, 193, 194, 195, 196, 197, 199, 202, 203, 204, 206, 224, 225, 226, 227, 230, 231, 232, 233, 238, 243, 251, 257, 258, 265, 274, 281, 282, 283, 286, 287, 288, 289, 290, 301, 302, 307, 308, 309, 310, 313, 345, 347], "summary": {"covered_lines": 143, "num_statements": 202, "percent_covered": 64.62585034013605, "percent_covered_display": "64.63", "missing_lines": 59, "excluded_lines": 0, "percent_statements_covered": 70.79207920792079, "percent_statements_covered_display": "70.79", "num_branches": 92, "num_partial_branches": 21, "covered_branches": 47, "missing_branches": 45, "percent_branches_covered": 51.08695652173913, "percent_branches_covered_display": "51.09"}, "missing_lines": [63, 109, 110, 111, 114, 115, 116, 123, 124, 125, 126, 127, 128, 129, 130, 158, 159, 160, 161, 180, 183, 184, 185, 198, 200, 239, 240, 241, 244, 245, 246, 259, 260, 261, 262, 263, 276, 277, 278, 303, 304, 305, 306, 314, 315, 321, 322, 323, 329, 330, 331, 332, 333, 336, 337, 339, 341, 342, 343], "excluded_lines": [], "executed_branches": [[36, 37], [36, 42], [46, 47], [46, 345], [47, 48], [47, 50], [61, 62], [66, 67], [66, 281], [73, 74], [73, 75], [75, 76], [75, 78], [93, 94], [93, 103], [96, 97], [103, 104], [103, 133], [108, 113], [113, 119], [119, 120], [122, 133], [142, 143], [142, 153], [143, 144], [144, 143], [144, 145], [153, 154], [153, 167], [155, 156], [155, 164], [157, 162], [162, 163], [164, 165], [172, 173], [179, 181], [182, 187], [187, 188], [187, 206], [197, 199], [199, 202], [238, 243], [243, 251], [258, 265], [302, 307], [309, 310], [313, 46]], "missing_branches": [[61, 63], [96, 98], [108, 109], [110, 111], [110, 113], [113, 114], [114, 115], [114, 116], [119, 133], [122, 123], [123, 122], [123, 124], [126, 127], [126, 128], [143, 153], [157, 158], [158, 159], [158, 162], [159, 158], [159, 160], [162, 155], [164, 167], [172, 187], [179, 180], [182, 183], [197, 198], [199, 200], [238, 239], [239, 238], [239, 240], [243, 244], [258, 259], [302, 303], [303, 302], [303, 304], [309, 289], [313, 314], [314, 313], [314, 315], [322, 313], [322, 323], [330, 313], [330, 331], [332, 333], [332, 336]], "functions": {"sync_listings_from_ml": {"executed_lines": [24, 25, 28, 34, 36, 37, 42, 43, 44, 46, 47, 48, 50, 51, 53, 54, 55, 56, 59, 60, 61, 62, 66, 67, 68, 70, 71, 72, 73, 74, 75, 76, 78, 80, 81, 87, 88, 89, 91, 92, 93, 94, 95, 96, 97, 98, 99, 100, 103, 104, 105, 107, 108, 113, 119, 120, 121, 122, 133, 136, 139, 140, 142, 143, 144, 145, 150, 153, 154, 155, 156, 157, 162, 163, 164, 165, 167, 170, 171, 172, 173, 174, 179, 181, 182, 187, 188, 189, 190, 191, 192, 193, 194, 195, 196, 197, 199, 202, 203, 204, 206, 224, 225, 226, 227, 230, 231, 232, 233, 238, 243, 251, 257, 258, 265, 274, 281, 282, 283, 286, 287, 288, 289, 290, 301, 302, 307, 308, 309, 310, 313, 345, 347], "summary": {"covered_lines": 133, "num_statements": 192, "percent_covered": 63.38028169014085, "percent_covered_display": "63.38", "missing_lines": 59, "excluded_lines": 0, "percent_statements_covered": 69.27083333333333, "percent_statements_covered_display": "69.27", "num_branches": 92, "num_partial_branches": 21, "covered_branches": 47, "missing_branches": 45, "percent_branches_covered": 51.08695652173913, "percent_branches_covered_display": "51.09"}, "missing_lines": [63, 109, 110, 111, 114, 115, 116, 123, 124, 125, 126, 127, 128, 129, 130, 158, 159, 160, 161, 180, 183, 184, 185, 198, 200, 239, 240, 241, 244, 245, 246, 259, 260, 261, 262, 263, 276, 277, 278, 303, 304, 305, 306, 314, 315, 321, 322, 323, 329, 330, 331, 332, 333, 336, 337, 339, 341, 342, 343], "excluded_lines": [], "start_line": 19, "executed_branches": [[36, 37], [36, 42], [46, 47], [46, 345], [47, 48], [47, 50], [61, 62], [66, 67], [66, 281], [73, 74], [73, 75], [75, 76], [75, 78], [93, 94], [93, 103], [96, 97], [103, 104], [103, 133], [108, 113], [113, 119], [119, 120], [122, 133], [142, 143], [142, 153], [143, 144], [144, 143], [144, 145], [153, 154], [153, 167], [155, 156], [155, 164], [157, 162], [162, 163], [164, 165], [172, 173], [179, 181], [182, 187], [187, 188], [187, 206], [197, 199], [199, 202], [238, 243], [243, 251], [258, 265], [302, 307], [309, 310], [313, 46]], "missing_branches": [[61, 63], [96, 98], [108, 109], [110, 111], [110, 113], [113, 114], [114, 115], [114, 116], [119, 133], [122, 123], [123, 122], [123, 124], [126, 127], [126, 128], [143, 153], [157, 158], [158, 159], [158, 162], [159, 158], [159, 160], [162, 155], [164, 167], [172, 187], [179, 180], [182, 183], [197, 198], [199, 200], [238, 239], [239, 238], [239, 240], [243, 244], [258, 259], [302, 303], [303, 302], [303, 304], [309, 289], [313, 314], [314, 313], [314, 315], [322, 313], [322, 323], [330, 313], [330, 331], [332, 333], [332, 336]]}, "": {"executed_lines": [4, 5, 6, 9, 11, 12, 13, 15, 16, 19], "summary": {"covered_lines": 10, "num_statements": 10, "percent_covered": 100.0, "percent_covered_display": "100.00", "missing_lines": 0, "excluded_lines": 0, "percent_statements_covered": 100.0, "percent_statements_covered_display": "100.00", "num_branches": 0, "num_partial_branches": 0, "covered_branches": 0, "missing_branches": 0, "percent_branches_covered": 100.0, "percent_branches_covered_display": "100.00"}, "missing_lines": [], "excluded_lines": [], "start_line": 1, "executed_branches": [], "missing_branches": []}}, "classes": {"": {"executed_lines": [4, 5, 6, 9, 11, 12, 13, 15, 16, 19, 24, 25, 28, 34, 36, 37, 42, 43, 44, 46, 47, 48, 50, 51, 53, 54, 55, 56, 59, 60, 61, 62, 66, 67, 68, 70, 71, 72, 73, 74, 75, 76, 78, 80, 81, 87, 88, 89, 91, 92, 93, 94, 95, 96, 97, 98, 99, 100, 103, 104, 105, 107, 108, 113, 119, 120, 121, 122, 133, 136, 139, 140, 142, 143, 144, 145, 150, 153, 154, 155, 156, 157, 162, 163, 164, 165, 167, 170, 171, 172, 173, 174, 179, 181, 182, 187, 188, 189, 190, 191, 192, 193, 194, 195, 196, 197, 199, 202, 203, 204, 206, 224, 225, 226, 227, 230, 231, 232, 233, 238, 243, 251, 257, 258, 265, 274, 281, 282, 283, 286, 287, 288, 289, 290, 301, 302, 307, 308, 309, 310, 313, 345, 347], "summary": {"covered_lines": 143, "num_statements": 202, "percent_covered": 64.62585034013605, "percent_covered_display": "64.63", "missing_lines": 59, "excluded_lines": 0, "percent_statements_covered": 70.79207920792079, "percent_statements_covered_display": "70.79", "num_branches": 92, "num_partial_branches": 21, "covered_branches": 47, "missing_branches": 45, "percent_branches_covered": 51.08695652173913, "percent_branches_covered_display": "51.09"}, "missing_lines": [63, 109, 110, 111, 114, 115, 116, 123, 124, 125, 126, 127, 128, 129, 130, 158, 159, 160, 161, 180, 183, 184, 185, 198, 200, 239, 240, 241, 244, 245, 246, 259, 260, 261, 262, 263, 276, 277, 278, 303, 304, 305, 306, 314, 315, 321, 322, 323, 329, 330, 331, 332, 333, 336, 337, 339, 341, 342, 343], "excluded_lines": [], "start_line": 1, "executed_branches": [[36, 37], [36, 42], [46, 47], [46, 345], [47, 48], [47, 50], [61, 62], [66, 67], [66, 281], [73, 74], [73, 75], [75, 76], [75, 78], [93, 94], [93, 103], [96, 97], [103, 104], [103, 133], [108, 113], [113, 119], [119, 120], [122, 133], [142, 143], [142, 153], [143, 144], [144, 143], [144, 145], [153, 154], [153, 167], [155, 156], [155, 164], [157, 162], [162, 163], [164, 165], [172, 173], [179, 181], [182, 187], [187, 188], [187, 206], [197, 199], [199, 202], [238, 243], [243, 251], [258, 265], [302, 307], [309, 310], [313, 46]], "missing_branches": [[61, 63], [96, 98], [108, 109], [110, 111], [110, 113], [113, 114], [114, 115], [114, 116], [119, 133], [122, 123], [123, 122], [123, 124], [126, 127], [126, 128], [143, 153], [157, 158], [158, 159], [158, 162], [159, 158], [159, 160], [162, 155], [164, 167], [172, 187], [179, 180], [182, 183], [197, 198], [199, 200], [238, 239], [239, 238], [239, 240], [243, 244], [258, 259], [302, 303], [303, 302], [303, 304], [309, 289], [313, 314], [314, 313], [314, 315], [322, 313], [322, 323], [330, 313], [330, 331], [332, 333], [332, 336]]}}}, "app\\ws\\__init__.py": {"executed_lines": [], "summary": {"covered_lines": 0, "num_statements": 0, "percent_covered": 100.0, "percent_covered_display": "100.00", "missing_lines": 0, "excluded_lines": 0, "percent_statements_covered": 100.0, "percent_statements_covered_display": "100.00", "num_branches": 0, "num_partial_branches": 0, "covered_branches": 0, "missing_branches": 0, "percent_branches_covered": 100.0, "percent_branches_covered_display": "100.00"}, "missing_lines": [], "excluded_lines": [], "executed_branches": [], "missing_branches": [], "functions": {"": {"executed_lines": [], "summary": {"covered_lines": 0, "num_statements": 0, "percent_covered": 100.0, "percent_covered_display": "100.00", "missing_lines": 0, "excluded_lines": 0, "percent_statements_covered": 100.0, "percent_statements_covered_display": "100.00", "num_branches": 0, "num_partial_branches": 0, "covered_branches": 0, "missing_branches": 0, "percent_branches_covered": 100.0, "percent_branches_covered_display": "100.00"}, "missing_lines": [], "excluded_lines": [], "start_line": 1, "executed_branches": [], "missing_branches": []}}, "classes": {"": {"executed_lines": [], "summary": {"covered_lines": 0, "num_statements": 0, "percent_covered": 100.0, "percent_covered_display": "100.00", "missing_lines": 0, "excluded_lines": 0, "percent_statements_covered": 100.0, "percent_statements_covered_display": "100.00", "num_branches": 0, "num_partial_branches": 0, "covered_branches": 0, "missing_branches": 0, "percent_branches_covered": 100.0, "percent_branches_covered_display": "100.00"}, "missing_lines": [], "excluded_lines": [], "start_line": 1, "executed_branches": [], "missing_branches": []}}}}, "totals": {"covered_lines": 5481, "num_statements": 10242, "percent_covered": 49.62645914396887, "percent_covered_display": "49.63", "missing_lines": 4761, "excluded_lines": 61, "percent_statements_covered": 53.51493848857645, "percent_statements_covered_display": "53.51", "num_branches": 2608, "num_partial_branches": 234, "covered_branches": 896, "missing_branches": 1712, "percent_branches_covered": 34.355828220858896, "percent_branches_covered_display": "34.36"}}